Info: Starting: Create simulation model
Info: qsys-generate F:\prjs\version_bb0\eth_net\M_Top_Product_Ladar7_0220_wr_flash\ip\on_chip_flash\on_chip_flash.qsys --simulation=VHDL --allow-mixed-language-simulation --output-directory=F:\prjs\version_bb0\eth_net\M_Top_Product_Ladar7_0220_wr_flash\ip\on_chip_flash\on_chip_flash\simulation --family="MAX 10" --part=10M40DAF256C8G
Progress: Loading on_chip_flash/on_chip_flash.qsys
Progress: Reading input file
Progress: Adding onchip_flash_0 [altera_onchip_flash 17.1]
Progress: Parameterizing module onchip_flash_0
Progress: Building connections
Progress: Parameterizing connections
Progress: Validating
Progress: Done reading input file
Info: on_chip_flash: Generating on_chip_flash "on_chip_flash" for SIM_VHDL
Info: onchip_flash_0: "on_chip_flash" instantiated altera_onchip_flash "onchip_flash_0"
Info: on_chip_flash: Done "on_chip_flash" with 2 modules, 5 files
Info: qsys-generate succeeded.
Info: Finished: Create simulation model
Info: Starting: Create Modelsim Project.
Info: sim-script-gen --spd=F:\prjs\version_bb0\eth_net\M_Top_Product_Ladar7_0220_wr_flash\ip\on_chip_flash\on_chip_flash\on_chip_flash.spd --output-directory=F:/prjs/version_bb0/eth_net/M_Top_Product_Ladar7_0220_wr_flash/ip/on_chip_flash/on_chip_flash/simulation/ --use-relative-paths=true
Info: Doing: ip-make-simscript --spd=F:\prjs\version_bb0\eth_net\M_Top_Product_Ladar7_0220_wr_flash\ip\on_chip_flash\on_chip_flash\on_chip_flash.spd --output-directory=F:/prjs/version_bb0/eth_net/M_Top_Product_Ladar7_0220_wr_flash/ip/on_chip_flash/on_chip_flash/simulation/ --use-relative-paths=true
Info: Generating the following file(s) for MODELSIM simulator in F:/prjs/version_bb0/eth_net/M_Top_Product_Ladar7_0220_wr_flash/ip/on_chip_flash/on_chip_flash/simulation/ directory:
Info: 	mentor/msim_setup.tcl
Info: Skipping VCS script generation since VHDL file $QUARTUS_INSTALL_DIR/eda/sim_lib/altera_syn_attributes.vhd is required for simulation
Info: Generating the following file(s) for VCSMX simulator in F:/prjs/version_bb0/eth_net/M_Top_Product_Ladar7_0220_wr_flash/ip/on_chip_flash/on_chip_flash/simulation/ directory:
Info: 	synopsys/vcsmx/synopsys_sim.setup
Info: 	synopsys/vcsmx/vcsmx_setup.sh
Info: Generating the following file(s) for NCSIM simulator in F:/prjs/version_bb0/eth_net/M_Top_Product_Ladar7_0220_wr_flash/ip/on_chip_flash/on_chip_flash/simulation/ directory:
Info: 	cadence/cds.lib
Info: 	cadence/hdl.var
Info: 	cadence/ncsim_setup.sh
Info: 	1 .cds.lib files in cadence/cds_libs/ directory
Info: Generating the following file(s) for RIVIERA simulator in F:/prjs/version_bb0/eth_net/M_Top_Product_Ladar7_0220_wr_flash/ip/on_chip_flash/on_chip_flash/simulation/ directory:
Info: 	aldec/rivierapro_setup.tcl
Info: For information on how to simulate your IP, see the explanatory comments in the simulator-specific subdirectories under F:/prjs/version_bb0/eth_net/M_Top_Product_Ladar7_0220_wr_flash/ip/on_chip_flash/on_chip_flash/simulation/.
Info: Regenerate these scripts whenever you make any change to any Quartus-generated IP in your project.
Info: Finished: Create Modelsim Project.
Info: Starting: Create block symbol file (.bsf)
Info: qsys-generate F:\prjs\version_bb0\eth_net\M_Top_Product_Ladar7_0220_wr_flash\ip\on_chip_flash\on_chip_flash.qsys --block-symbol-file --output-directory=F:\prjs\version_bb0\eth_net\M_Top_Product_Ladar7_0220_wr_flash\ip\on_chip_flash\on_chip_flash --family="MAX 10" --part=10M40DAF256C8G
Progress: Loading on_chip_flash/on_chip_flash.qsys
Progress: Reading input file
Progress: Adding onchip_flash_0 [altera_onchip_flash 17.1]
Progress: Parameterizing module onchip_flash_0
Progress: Building connections
Progress: Parameterizing connections
Progress: Validating
Progress: Done reading input file
Info: qsys-generate succeeded.
Info: Finished: Create block symbol file (.bsf)
Info: 
Info: Starting: Create HDL design files for synthesis
Info: qsys-generate F:\prjs\version_bb0\eth_net\M_Top_Product_Ladar7_0220_wr_flash\ip\on_chip_flash\on_chip_flash.qsys --synthesis=VHDL --output-directory=F:\prjs\version_bb0\eth_net\M_Top_Product_Ladar7_0220_wr_flash\ip\on_chip_flash\on_chip_flash\synthesis --family="MAX 10" --part=10M40DAF256C8G
Progress: Loading on_chip_flash/on_chip_flash.qsys
Progress: Reading input file
Progress: Adding onchip_flash_0 [altera_onchip_flash 17.1]
Progress: Parameterizing module onchip_flash_0
Progress: Building connections
Progress: Parameterizing connections
Progress: Validating
Progress: Done reading input file
Info: on_chip_flash: Generating on_chip_flash "on_chip_flash" for QUARTUS_SYNTH
Info: onchip_flash_0: Generating top-level entity altera_onchip_flash
Info: onchip_flash_0: "on_chip_flash" instantiated altera_onchip_flash "onchip_flash_0"
Info: on_chip_flash: Done "on_chip_flash" with 2 modules, 7 files
Info: qsys-generate succeeded.
Info: Finished: Create HDL design files for synthesis
