
****** Vivado v2017.4 (64-bit)
  **** SW Build 2086221 on Fri Dec 15 20:55:39 MST 2017
  **** IP Build 2085800 on Fri Dec 15 22:25:07 MST 2017
    ** Copyright 1986-2017 Xilinx, Inc. All Rights Reserved.

source spi_engine_interconnect_ip.tcl
# source ../../scripts/adi_env.tcl
## set ad_hdl_dir [file normalize [file join [file dirname [info script]] "../.."]]
## set ad_phdl_dir $ad_hdl_dir
## if [info exists ::env(ADI_HDL_DIR)] {
##   set ad_hdl_dir [file normalize $::env(ADI_HDL_DIR)]
## }
## if [info exists ::env(ADI_PHDL_DIR)] {
##   set ad_phdl_dir [file normalize $::env(ADI_PHDL_DIR)]
## }
# source $ad_hdl_dir/library/scripts/adi_ip.tcl
## if {![info exists REQUIRED_VIVADO_VERSION]} {
##   set REQUIRED_VIVADO_VERSION "2017.4.1"
## }
## if {[info exists ::env(ADI_IGNORE_VERSION_CHECK)]} {
##   set IGNORE_VERSION_CHECK 1
## } elseif {![info exists IGNORE_VERSION_CHECK]} {
##   set IGNORE_VERSION_CHECK 0
## }
## proc adi_ip_ttcl {ip_name ip_constr_files} {
## 
##   set proj_filegroup [ipx::get_file_groups -of_objects [ipx::current_core] -filter {NAME =~ *synthesis*}]
##   set f [ipx::add_file $ip_constr_files $proj_filegroup]
##   set_property -dict [list \
##     type ttcl \
##   ] $f
##   ipx::reorder_files -front $ip_constr_files $proj_filegroup
## }
## proc adi_ip_sim_ttcl {ip_name ip_files} {
## 
##   set proj_filegroup [ipx::get_file_groups -of_objects [ipx::current_core] -filter {NAME =~ *simulation*}]
##   set f [ipx::add_file $ip_files $proj_filegroup]
##   set_property -dict [list \
##     type ttcl \
##   ] $f
##   ipx::reorder_files -front $ip_files $proj_filegroup
## }
## proc adi_ip_bd {ip_name ip_bd_files} {
##   set proj_filegroup [ipx::get_file_groups xilinx_blockdiagram -of_objects [ipx::current_core]]
##   if {$proj_filegroup == {}} {
##     set proj_filegroup [ipx::add_file_group -type xilinx_blockdiagram "" [ipx::current_core]]
##   }
##   set f [ipx::add_file $ip_bd_files $proj_filegroup]
##   set_property -dict [list \
##     type tclSource \
##   ] $f
## }
## proc adi_ip_infer_streaming_interfaces {ip_name} {
## 
##   ipx::infer_bus_interfaces xilinx.com:interface:axis_rtl:1.0 [ipx::current_core]
## 
## }
## proc adi_ip_infer_mm_interfaces {ip_name} {
## 
##   ipx::infer_bus_interfaces xilinx.com:interface:aximm_rtl:1.0 [ipx::current_core]
## 
## }
## proc adi_set_ports_dependency {port_prefix dependency {driver_value {}}} {
##   foreach port [ipx::get_ports [format "%s%s" $port_prefix "*"]] {
##     set_property ENABLEMENT_DEPENDENCY $dependency $port
##     if {$driver_value != {}} {
##       set_property DRIVER_VALUE $driver_value $port
##     }
##   }
## }
## proc adi_set_bus_dependency {bus prefix dependency} {
##   set_property ENABLEMENT_DEPENDENCY $dependency [ipx::get_bus_interfaces $bus -of_objects [ipx::current_core]]
##   adi_set_ports_dependency $prefix $dependency
## }
## proc adi_add_port_map {bus phys logic} {
##   set map [ipx::add_port_map $phys $bus]
##   set_property "PHYSICAL_NAME" $phys $map
##   set_property "LOGICAL_NAME" $logic $map
## }
## proc adi_add_bus {bus_name mode abs_type bus_type port_maps} {
##   set bus [ipx::add_bus_interface $bus_name [ipx::current_core]]
## 
##   set_property "ABSTRACTION_TYPE_VLNV" $abs_type $bus
##   set_property "BUS_TYPE_VLNV" $bus_type $bus
##   set_property "INTERFACE_MODE" $mode $bus
## 
##   foreach port_map $port_maps {
##     adi_add_port_map $bus {*}$port_map
##   }
## }
## proc adi_add_multi_bus {num bus_name_prefix mode abs_type bus_type port_maps dependency} {
##   for {set i 0} {$i < 8} {incr i} {
##     set bus_name [format "%s%d" $bus_name_prefix $i]
##     set bus [ipx::add_bus_interface $bus_name [ipx::current_core]]
## 
##     set_property "ABSTRACTION_TYPE_VLNV" $abs_type $bus
##     set_property "BUS_TYPE_VLNV" $bus_type $bus
##     set_property "INTERFACE_MODE" $mode $bus
## 
##     if {$dependency ne ""} {
##       set bus_dependency [string map [list "{i}" $i] $dependency]
##       set_property ENABLEMENT_DEPENDENCY $bus_dependency $bus
##     }
## 
##     foreach port_map $port_maps {
##       lassign $port_map phys logic width
##       set map [ipx::add_port_map $phys $bus]
##       set_property "PHYSICAL_NAME" $phys $map
##       set_property "LOGICAL_NAME" $logic $map
##       set_property "PHYSICAL_RIGHT" [expr $i*$width] $map
##       set_property "PHYSICAL_LEFT" [expr ($i+1)*$width-1] $map
##     }
##   }
## }
## proc adi_add_bus_clock {clock_signal_name bus_inf_name {reset_signal_name ""} {reset_signal_mode "slave"}} {
##   set bus_inf_name_clean [string map {":" "_"} $bus_inf_name]
##   set clock_inf_name [format "%s%s" $bus_inf_name_clean "_signal_clock"]
##   set clock_inf [ipx::add_bus_interface $clock_inf_name [ipx::current_core]]
##   set_property abstraction_type_vlnv "xilinx.com:signal:clock_rtl:1.0" $clock_inf
##   set_property bus_type_vlnv "xilinx.com:signal:clock:1.0" $clock_inf
##   set_property display_name $clock_inf_name $clock_inf
##   set clock_map [ipx::add_port_map "CLK" $clock_inf]
##   set_property physical_name $clock_signal_name $clock_map
## 
##   set assoc_busif [ipx::add_bus_parameter "ASSOCIATED_BUSIF" $clock_inf]
##   set_property value $bus_inf_name $assoc_busif
## 
##   if { $reset_signal_name != "" } {
##     set assoc_reset [ipx::add_bus_parameter "ASSOCIATED_RESET" $clock_inf]
##     set_property value $reset_signal_name $assoc_reset
## 
##     set reset_inf_name [format "%s%s" $bus_inf_name_clean "_signal_reset"]
##     set reset_inf [ipx::add_bus_interface $reset_inf_name [ipx::current_core]]
##     set_property abstraction_type_vlnv "xilinx.com:signal:reset_rtl:1.0" $reset_inf
##     set_property bus_type_vlnv "xilinx.com:signal:reset:1.0" $reset_inf
##     set_property display_name $reset_inf_name $reset_inf
##     set_property interface_mode $reset_signal_mode $reset_inf
##     set reset_map [ipx::add_port_map "RST" $reset_inf]
##     set_property physical_name $reset_signal_name $reset_map
## 
##     set reset_polarity [ipx::add_bus_parameter "POLARITY" $reset_inf]
##     if {[string match {*[Nn]} $reset_signal_name] == 1} {
##       set_property value "ACTIVE_LOW" $reset_polarity
##     } else {
##       set_property value "ACTIVE_HIGH" $reset_polarity
##     }
##   }
## }
## proc adi_ip_add_core_dependencies {vlnvs} {
##   foreach file_group [ipx::get_file_groups * -of_objects [ipx::current_core]] {
##     foreach vlnv $vlnvs {
##       ipx::add_subcore $vlnv $file_group
##     }
##   }
## }
## variable ip_constr_files
## proc adi_ip_create {ip_name} {
## 
##   global ad_hdl_dir
##   global ad_phdl_dir
##   global ip_constr_files
##   global REQUIRED_VIVADO_VERSION
##   global IGNORE_VERSION_CHECK
## 
##   set VIVADO_VERSION [version -short]
##   if {[string compare $VIVADO_VERSION $REQUIRED_VIVADO_VERSION] != 0} {
##     puts -nonewline "CRITICAL WARNING: vivado version mismatch; "
##     puts -nonewline "expected $REQUIRED_VIVADO_VERSION, "
##     puts -nonewline "got $VIVADO_VERSION.\n"
##   }
## 
##   create_project $ip_name . -force
## 
##   ## Load custom message severity definitions
##   source $ad_hdl_dir/projects/scripts/adi_xilinx_msg.tcl
## 
##   set ip_constr_files ""
##   set lib_dirs $ad_hdl_dir/library
##   if {$ad_hdl_dir ne $ad_phdl_dir} {
##     lappend lib_dirs $ad_phdl_dir/library
##   }
## 
##   set_property ip_repo_paths $lib_dirs [current_fileset]
##   update_ip_catalog
## }
## proc adi_ip_files {ip_name ip_files} {
## 
##   global ip_constr_files
## 
##   set ip_constr_files ""
##   foreach m_file $ip_files {
##     if {[file extension $m_file] eq ".xdc"} {
##       lappend ip_constr_files $m_file
##     }
##   }
## 
##   set proj_fileset [get_filesets sources_1]
##   add_files -norecurse -scan_for_includes -fileset $proj_fileset $ip_files
##   set_property "top" "$ip_name" $proj_fileset
## }
## proc adi_ip_properties_lite {ip_name} {
## 
##   global ip_constr_files
## 
##   ipx::package_project -root_dir . -vendor analog.com -library user -taxonomy /Analog_Devices
##   set_property name $ip_name [ipx::current_core]
##   set_property vendor_display_name {Analog Devices} [ipx::current_core]
##   set_property company_url {http://www.analog.com} [ipx::current_core]
## 
##   set i_families ""
##   foreach i_part [get_parts] {
##     lappend i_families [get_property FAMILY $i_part]
##   }
##   set i_families [lsort -unique $i_families]
##   set s_families [get_property supported_families [ipx::current_core]]
##   foreach i_family $i_families {
##     set s_families "$s_families $i_family Production"
##     set s_families "$s_families $i_family Beta"
##   }
##   set_property supported_families $s_families [ipx::current_core]
##   ipx::save_core
## 
##   ipx::remove_all_bus_interface [ipx::current_core]
##   set memory_maps [ipx::get_memory_maps * -of_objects [ipx::current_core]]
##   foreach map $memory_maps {
##     ipx::remove_memory_map [lindex $map 2] [ipx::current_core ]
##   }
##   ipx::save_core
## 
##   set i_filegroup [ipx::get_file_groups -of_objects [ipx::current_core] -filter {NAME =~ *synthesis*}]
##   foreach i_file $ip_constr_files {
##     set i_module [file tail $i_file]
##     regsub {_constr\.xdc} $i_module {} i_module
##     ipx::add_file $i_file $i_filegroup
##     ipx::reorder_files -front $i_file $i_filegroup
##     set_property SCOPED_TO_REF $i_module [ipx::get_files $i_file -of_objects $i_filegroup]
##   }
##   ipx::save_core
## }
## proc adi_ip_properties {ip_name} {
## 
##   adi_ip_properties_lite $ip_name
## 
##   ipx::infer_bus_interface {\
##     s_axi_awvalid \
##     s_axi_awaddr \
##     s_axi_awprot \
##     s_axi_awready \
##     s_axi_wvalid \
##     s_axi_wdata \
##     s_axi_wstrb \
##     s_axi_wready \
##     s_axi_bvalid \
##     s_axi_bresp \
##     s_axi_bready \
##     s_axi_arvalid \
##     s_axi_araddr \
##     s_axi_arprot \
##     s_axi_arready \
##     s_axi_rvalid \
##     s_axi_rdata \
##     s_axi_rresp \
##     s_axi_rready} \
##   xilinx.com:interface:aximm_rtl:1.0 [ipx::current_core]
## 
##   ipx::infer_bus_interface s_axi_aclk xilinx.com:signal:clock_rtl:1.0 [ipx::current_core]
##   ipx::infer_bus_interface s_axi_aresetn xilinx.com:signal:reset_rtl:1.0 [ipx::current_core]
## 
##   set raddr_width [expr [get_property SIZE_LEFT [ipx::get_ports -nocase true s_axi_araddr -of_objects [ipx::current_core]]] + 1]
##   set waddr_width [expr [get_property SIZE_LEFT [ipx::get_ports -nocase true s_axi_awaddr -of_objects [ipx::current_core]]] + 1]
## 
##   if {$raddr_width != $waddr_width} {
##     puts [format "WARNING: AXI address width mismatch for %s (r=%d, w=%d)" $ip_name $raddr_width, $waddr_width]
##     set range 65536
##   } else {
##     if {$raddr_width >= 16} {
##       set range 65536
##     } else {
##       set range [expr 1 << $raddr_width]
##     }
##   }
## 
##   ipx::add_memory_map {s_axi} [ipx::current_core]
##   set_property slave_memory_map_ref {s_axi} [ipx::get_bus_interfaces s_axi -of_objects [ipx::current_core]]
##   ipx::add_address_block {axi_lite} [ipx::get_memory_maps s_axi -of_objects [ipx::current_core]]
##   set_property range $range [ipx::get_address_blocks axi_lite \
##     -of_objects [ipx::get_memory_maps s_axi -of_objects [ipx::current_core]]]
##   ipx::add_bus_parameter ASSOCIATED_BUSIF [ipx::get_bus_interfaces s_axi_aclk \
##     -of_objects [ipx::current_core]]
##   set_property value s_axi [ipx::get_bus_parameters ASSOCIATED_BUSIF \
##     -of_objects [ipx::get_bus_interfaces s_axi_aclk \
##     -of_objects [ipx::current_core]]]
##   ipx::save_core
## }
## proc adi_if_define {name} {
## 
##   ipx::create_abstraction_definition analog.com interface ${name}_rtl 1.0
##   ipx::create_bus_definition analog.com interface $name 1.0
## 
##   set_property xml_file_name ${name}_rtl.xml [ipx::current_busabs]
##   set_property xml_file_name ${name}.xml [ipx::current_busdef]
##   set_property bus_type_vlnv analog.com:interface:${name}:1.0 [ipx::current_busabs]
## 
##   ipx::save_abstraction_definition [ipx::current_busabs]
##   ipx::save_bus_definition [ipx::current_busdef]
## }
## proc adi_if_ports {dir width name {type none}} {
## 
##   ipx::add_bus_abstraction_port $name [ipx::current_busabs]
##   set m_intf [ipx::get_bus_abstraction_ports $name -of_objects [ipx::current_busabs]]
##   set_property master_presence required $m_intf
##   set_property slave_presence  required $m_intf
##   set_property master_width $width $m_intf
##   set_property slave_width  $width $m_intf
## 
##   set m_dir "in"
##   set s_dir "out"
##   if {$dir eq "output"} {
##     set m_dir "out"
##     set s_dir "in"
##   }
## 
##   set_property master_direction $m_dir $m_intf
##   set_property slave_direction  $s_dir $m_intf
## 
##   if {$type ne "none"} {
##     set_property is_${type} true $m_intf
##   }
## 
##   ipx::save_bus_definition [ipx::current_busdef]
##   ipx::save_abstraction_definition [ipx::current_busabs]
## }
## proc adi_if_infer_bus {if_name mode name maps} {
## 
##   ipx::add_bus_interface $name [ipx::current_core]
##   set m_bus_if [ipx::get_bus_interfaces $name -of_objects [ipx::current_core]]
##   set_property abstraction_type_vlnv ${if_name}_rtl:1.0 $m_bus_if
##   set_property bus_type_vlnv ${if_name}:1.0 $m_bus_if
##   set_property interface_mode $mode $m_bus_if
## 
##   foreach map $maps  {
##     set m_maps [regexp -all -inline {\S+} $map]
##     lassign $m_maps p_name p_map
##     ipx::add_port_map $p_name $m_bus_if
##     set_property physical_name $p_map [ipx::get_port_maps $p_name -of_objects $m_bus_if]
##   }
## }
# adi_ip_create spi_engine_interconnect
CRITICAL WARNING: vivado version mismatch; expected 2017.4.1, got 2017.4.
## set_msg_config -id {Vivado 12-1790} -string "Evaluation features should NOT be used in production systems." -new_severity WARNING
## set_msg_config -id {BD 41-1343} -new_severity WARNING
## set_msg_config -id {BD 41-1306} -new_severity WARNING
## set_msg_config -severity {CRITICAL WARNING} -quiet -id {BD 41-1276} -new_severity ERROR
## set_msg_config -id {IP_Flow 19-3656} -new_severity INFO
## set_msg_config -id {IP_Flow 19-4623} -new_severity INFO
## set_msg_config -id {IP_Flow 19-459} -new_severity INFO
## set_msg_config -id {Place 30-73} -string "axi_spi" -new_severity WARNING
## set_msg_config -string "PCW_UIPARAM_DDR_DQS_TO_CLK_DELAY" -new_severity WARNING
INFO: [IP_Flow 19-234] Refreshing IP repositories
INFO: [IP_Flow 19-1700] Loaded user IP repository 'd:/adi/hdl/library'.
INFO: [IP_Flow 19-3656] If you move the project, the path for repository 'd:/adi/hdl/library' may become invalid. A better location for the repository would be in a path adjacent to the project. (Current project location is 'd:/adi/hdl/library/spi_engine/spi_engine_interconnect'.)
INFO: [IP_Flow 19-2313] Loaded Vivado IP repository 'C:/Xilinx/Vivado/2017.4/data/ip'.
# adi_ip_files spi_engine_interconnect [list \
# 	"spi_engine_interconnect.v" \
# ]
# adi_ip_properties_lite spi_engine_interconnect
INFO: [IP_Flow 19-5107] Inferred bus interface 'm_cmd' of definition 'analog.com:interface:fifo_rd:1.0' (from User Repositories).
INFO: [IP_Flow 19-5107] Inferred bus interface 'm_sdi' of definition 'analog.com:interface:fifo_rd:1.0' (from User Repositories).
INFO: [IP_Flow 19-5107] Inferred bus interface 'm_sdo' of definition 'analog.com:interface:fifo_rd:1.0' (from User Repositories).
INFO: [IP_Flow 19-5107] Inferred bus interface 'm_sync' of definition 'analog.com:interface:fifo_rd:1.0' (from User Repositories).
INFO: [IP_Flow 19-5107] Inferred bus interface 's0_cmd' of definition 'analog.com:interface:fifo_rd:1.0' (from User Repositories).
INFO: [IP_Flow 19-5107] Inferred bus interface 's0_sdi' of definition 'analog.com:interface:fifo_rd:1.0' (from User Repositories).
INFO: [IP_Flow 19-5107] Inferred bus interface 's0_sdo' of definition 'analog.com:interface:fifo_rd:1.0' (from User Repositories).
INFO: [IP_Flow 19-5107] Inferred bus interface 's0_sync' of definition 'analog.com:interface:fifo_rd:1.0' (from User Repositories).
INFO: [IP_Flow 19-5107] Inferred bus interface 's1_cmd' of definition 'analog.com:interface:fifo_rd:1.0' (from User Repositories).
INFO: [IP_Flow 19-5107] Inferred bus interface 's1_sdi' of definition 'analog.com:interface:fifo_rd:1.0' (from User Repositories).
INFO: [IP_Flow 19-5107] Inferred bus interface 's1_sdo' of definition 'analog.com:interface:fifo_rd:1.0' (from User Repositories).
INFO: [IP_Flow 19-5107] Inferred bus interface 's1_sync' of definition 'analog.com:interface:fifo_rd:1.0' (from User Repositories).
INFO: [IP_Flow 19-5151] The Range '7:0' is present in all ports of the interface 'm'. It is assumed that this is meant to declare an array of interface. If this is not the desired behaviour, switch of this feature by disabling the parameter 'ips.enableInterfaceArrayInference'.
INFO: [IP_Flow 19-5151] The Range '15:0' is present in all ports of the interface 'm_cmd'. It is assumed that this is meant to declare an array of interface. If this is not the desired behaviour, switch of this feature by disabling the parameter 'ips.enableInterfaceArrayInference'.
WARNING: [IP_Flow 19-5150] The Range '((NUM_OF_SDI * DATA_WIDTH) - 1):0' is present in all ports of the interface 'm_sdi'. It is assumed that this is meant to declare an array of interface. However, the IP Packager does not currently support Interface Arrays of variable length (based on a parameter). Please change the range to be a constant if you want IP Packager to infer this as an interface array.
WARNING: [IP_Flow 19-5150] The Range '(DATA_WIDTH - 1):0' is present in all ports of the interface 'm_sdo'. It is assumed that this is meant to declare an array of interface. However, the IP Packager does not currently support Interface Arrays of variable length (based on a parameter). Please change the range to be a constant if you want IP Packager to infer this as an interface array.
INFO: [IP_Flow 19-5151] The Range '7:0' is present in all ports of the interface 's0'. It is assumed that this is meant to declare an array of interface. If this is not the desired behaviour, switch of this feature by disabling the parameter 'ips.enableInterfaceArrayInference'.
INFO: [IP_Flow 19-5151] The Range '15:0' is present in all ports of the interface 's0_cmd'. It is assumed that this is meant to declare an array of interface. If this is not the desired behaviour, switch of this feature by disabling the parameter 'ips.enableInterfaceArrayInference'.
WARNING: [IP_Flow 19-5150] The Range '((NUM_OF_SDI * DATA_WIDTH) - 1):0' is present in all ports of the interface 's0_sdi'. It is assumed that this is meant to declare an array of interface. However, the IP Packager does not currently support Interface Arrays of variable length (based on a parameter). Please change the range to be a constant if you want IP Packager to infer this as an interface array.
WARNING: [IP_Flow 19-5150] The Range '(DATA_WIDTH - 1):0' is present in all ports of the interface 's0_sdo'. It is assumed that this is meant to declare an array of interface. However, the IP Packager does not currently support Interface Arrays of variable length (based on a parameter). Please change the range to be a constant if you want IP Packager to infer this as an interface array.
INFO: [IP_Flow 19-5151] The Range '7:0' is present in all ports of the interface 's1'. It is assumed that this is meant to declare an array of interface. If this is not the desired behaviour, switch of this feature by disabling the parameter 'ips.enableInterfaceArrayInference'.
INFO: [IP_Flow 19-5151] The Range '15:0' is present in all ports of the interface 's1_cmd'. It is assumed that this is meant to declare an array of interface. If this is not the desired behaviour, switch of this feature by disabling the parameter 'ips.enableInterfaceArrayInference'.
WARNING: [IP_Flow 19-5150] The Range '((NUM_OF_SDI * DATA_WIDTH) - 1):0' is present in all ports of the interface 's1_sdi'. It is assumed that this is meant to declare an array of interface. However, the IP Packager does not currently support Interface Arrays of variable length (based on a parameter). Please change the range to be a constant if you want IP Packager to infer this as an interface array.
WARNING: [IP_Flow 19-5150] The Range '(DATA_WIDTH - 1):0' is present in all ports of the interface 's1_sdo'. It is assumed that this is meant to declare an array of interface. However, the IP Packager does not currently support Interface Arrays of variable length (based on a parameter). Please change the range to be a constant if you want IP Packager to infer this as an interface array.
INFO: [IP_Flow 19-5107] Inferred bus interface 'm_0' of definition 'analog.com:interface:fifo_wr:1.0' (from User Repositories).
INFO: [IP_Flow 19-5107] Inferred bus interface 'm_1' of definition 'analog.com:interface:fifo_wr:1.0' (from User Repositories).
INFO: [IP_Flow 19-5107] Inferred bus interface 'm_2' of definition 'analog.com:interface:fifo_wr:1.0' (from User Repositories).
INFO: [IP_Flow 19-5107] Inferred bus interface 'm_3' of definition 'analog.com:interface:fifo_wr:1.0' (from User Repositories).
INFO: [IP_Flow 19-5107] Inferred bus interface 'm_4' of definition 'analog.com:interface:fifo_wr:1.0' (from User Repositories).
INFO: [IP_Flow 19-5107] Inferred bus interface 'm_5' of definition 'analog.com:interface:fifo_wr:1.0' (from User Repositories).
INFO: [IP_Flow 19-5107] Inferred bus interface 'm_6' of definition 'analog.com:interface:fifo_wr:1.0' (from User Repositories).
INFO: [IP_Flow 19-5107] Inferred bus interface 'm_7' of definition 'analog.com:interface:fifo_wr:1.0' (from User Repositories).
INFO: [IP_Flow 19-5107] Inferred bus interface 'm_cmd_0' of definition 'analog.com:interface:fifo_wr:1.0' (from User Repositories).
INFO: [IP_Flow 19-5107] Inferred bus interface 'm_cmd_1' of definition 'analog.com:interface:fifo_wr:1.0' (from User Repositories).
INFO: [IP_Flow 19-5107] Inferred bus interface 'm_cmd_10' of definition 'analog.com:interface:fifo_wr:1.0' (from User Repositories).
INFO: [IP_Flow 19-5107] Inferred bus interface 'm_cmd_11' of definition 'analog.com:interface:fifo_wr:1.0' (from User Repositories).
INFO: [IP_Flow 19-5107] Inferred bus interface 'm_cmd_12' of definition 'analog.com:interface:fifo_wr:1.0' (from User Repositories).
INFO: [IP_Flow 19-5107] Inferred bus interface 'm_cmd_13' of definition 'analog.com:interface:fifo_wr:1.0' (from User Repositories).
INFO: [IP_Flow 19-5107] Inferred bus interface 'm_cmd_14' of definition 'analog.com:interface:fifo_wr:1.0' (from User Repositories).
INFO: [IP_Flow 19-5107] Inferred bus interface 'm_cmd_15' of definition 'analog.com:interface:fifo_wr:1.0' (from User Repositories).
INFO: [IP_Flow 19-5107] Inferred bus interface 'm_cmd_2' of definition 'analog.com:interface:fifo_wr:1.0' (from User Repositories).
INFO: [IP_Flow 19-5107] Inferred bus interface 'm_cmd_3' of definition 'analog.com:interface:fifo_wr:1.0' (from User Repositories).
INFO: [IP_Flow 19-5107] Inferred bus interface 'm_cmd_4' of definition 'analog.com:interface:fifo_wr:1.0' (from User Repositories).
INFO: [IP_Flow 19-5107] Inferred bus interface 'm_cmd_5' of definition 'analog.com:interface:fifo_wr:1.0' (from User Repositories).
INFO: [IP_Flow 19-5107] Inferred bus interface 'm_cmd_6' of definition 'analog.com:interface:fifo_wr:1.0' (from User Repositories).
INFO: [IP_Flow 19-5107] Inferred bus interface 'm_cmd_7' of definition 'analog.com:interface:fifo_wr:1.0' (from User Repositories).
INFO: [IP_Flow 19-5107] Inferred bus interface 'm_cmd_8' of definition 'analog.com:interface:fifo_wr:1.0' (from User Repositories).
INFO: [IP_Flow 19-5107] Inferred bus interface 'm_cmd_9' of definition 'analog.com:interface:fifo_wr:1.0' (from User Repositories).
INFO: [IP_Flow 19-5107] Inferred bus interface 'm_ready' of definition 'analog.com:interface:fifo_wr:1.0' (from User Repositories).
INFO: [IP_Flow 19-5107] Inferred bus interface 'm_valid' of definition 'analog.com:interface:fifo_wr:1.0' (from User Repositories).
INFO: [IP_Flow 19-5107] Inferred bus interface 's0_0' of definition 'analog.com:interface:fifo_wr:1.0' (from User Repositories).
INFO: [IP_Flow 19-5107] Inferred bus interface 's0_1' of definition 'analog.com:interface:fifo_wr:1.0' (from User Repositories).
INFO: [IP_Flow 19-5107] Inferred bus interface 's0_2' of definition 'analog.com:interface:fifo_wr:1.0' (from User Repositories).
INFO: [IP_Flow 19-5107] Inferred bus interface 's0_3' of definition 'analog.com:interface:fifo_wr:1.0' (from User Repositories).
INFO: [IP_Flow 19-5107] Inferred bus interface 's0_4' of definition 'analog.com:interface:fifo_wr:1.0' (from User Repositories).
INFO: [IP_Flow 19-5107] Inferred bus interface 's0_5' of definition 'analog.com:interface:fifo_wr:1.0' (from User Repositories).
INFO: [IP_Flow 19-5107] Inferred bus interface 's0_6' of definition 'analog.com:interface:fifo_wr:1.0' (from User Repositories).
INFO: [IP_Flow 19-5107] Inferred bus interface 's0_7' of definition 'analog.com:interface:fifo_wr:1.0' (from User Repositories).
INFO: [IP_Flow 19-5107] Inferred bus interface 's0_cmd_0' of definition 'analog.com:interface:fifo_wr:1.0' (from User Repositories).
INFO: [IP_Flow 19-5107] Inferred bus interface 's0_cmd_1' of definition 'analog.com:interface:fifo_wr:1.0' (from User Repositories).
INFO: [IP_Flow 19-5107] Inferred bus interface 's0_cmd_10' of definition 'analog.com:interface:fifo_wr:1.0' (from User Repositories).
INFO: [IP_Flow 19-5107] Inferred bus interface 's0_cmd_11' of definition 'analog.com:interface:fifo_wr:1.0' (from User Repositories).
INFO: [IP_Flow 19-5107] Inferred bus interface 's0_cmd_12' of definition 'analog.com:interface:fifo_wr:1.0' (from User Repositories).
INFO: [IP_Flow 19-5107] Inferred bus interface 's0_cmd_13' of definition 'analog.com:interface:fifo_wr:1.0' (from User Repositories).
INFO: [IP_Flow 19-5107] Inferred bus interface 's0_cmd_14' of definition 'analog.com:interface:fifo_wr:1.0' (from User Repositories).
INFO: [IP_Flow 19-5107] Inferred bus interface 's0_cmd_15' of definition 'analog.com:interface:fifo_wr:1.0' (from User Repositories).
INFO: [IP_Flow 19-5107] Inferred bus interface 's0_cmd_2' of definition 'analog.com:interface:fifo_wr:1.0' (from User Repositories).
INFO: [IP_Flow 19-5107] Inferred bus interface 's0_cmd_3' of definition 'analog.com:interface:fifo_wr:1.0' (from User Repositories).
INFO: [IP_Flow 19-5107] Inferred bus interface 's0_cmd_4' of definition 'analog.com:interface:fifo_wr:1.0' (from User Repositories).
INFO: [IP_Flow 19-5107] Inferred bus interface 's0_cmd_5' of definition 'analog.com:interface:fifo_wr:1.0' (from User Repositories).
INFO: [IP_Flow 19-5107] Inferred bus interface 's0_cmd_6' of definition 'analog.com:interface:fifo_wr:1.0' (from User Repositories).
INFO: [IP_Flow 19-5107] Inferred bus interface 's0_cmd_7' of definition 'analog.com:interface:fifo_wr:1.0' (from User Repositories).
INFO: [IP_Flow 19-5107] Inferred bus interface 's0_cmd_8' of definition 'analog.com:interface:fifo_wr:1.0' (from User Repositories).
INFO: [IP_Flow 19-5107] Inferred bus interface 's0_cmd_9' of definition 'analog.com:interface:fifo_wr:1.0' (from User Repositories).
INFO: [IP_Flow 19-5107] Inferred bus interface 's0_ready' of definition 'analog.com:interface:fifo_wr:1.0' (from User Repositories).
INFO: [IP_Flow 19-5107] Inferred bus interface 's0_valid' of definition 'analog.com:interface:fifo_wr:1.0' (from User Repositories).
INFO: [IP_Flow 19-5107] Inferred bus interface 's1_0' of definition 'analog.com:interface:fifo_wr:1.0' (from User Repositories).
INFO: [IP_Flow 19-5107] Inferred bus interface 's1_1' of definition 'analog.com:interface:fifo_wr:1.0' (from User Repositories).
INFO: [IP_Flow 19-5107] Inferred bus interface 's1_2' of definition 'analog.com:interface:fifo_wr:1.0' (from User Repositories).
INFO: [IP_Flow 19-5107] Inferred bus interface 's1_3' of definition 'analog.com:interface:fifo_wr:1.0' (from User Repositories).
INFO: [IP_Flow 19-5107] Inferred bus interface 's1_4' of definition 'analog.com:interface:fifo_wr:1.0' (from User Repositories).
INFO: [IP_Flow 19-5107] Inferred bus interface 's1_5' of definition 'analog.com:interface:fifo_wr:1.0' (from User Repositories).
INFO: [IP_Flow 19-5107] Inferred bus interface 's1_6' of definition 'analog.com:interface:fifo_wr:1.0' (from User Repositories).
INFO: [IP_Flow 19-5107] Inferred bus interface 's1_7' of definition 'analog.com:interface:fifo_wr:1.0' (from User Repositories).
INFO: [IP_Flow 19-5107] Inferred bus interface 's1_cmd_0' of definition 'analog.com:interface:fifo_wr:1.0' (from User Repositories).
INFO: [IP_Flow 19-5107] Inferred bus interface 's1_cmd_1' of definition 'analog.com:interface:fifo_wr:1.0' (from User Repositories).
INFO: [IP_Flow 19-5107] Inferred bus interface 's1_cmd_10' of definition 'analog.com:interface:fifo_wr:1.0' (from User Repositories).
INFO: [IP_Flow 19-5107] Inferred bus interface 's1_cmd_11' of definition 'analog.com:interface:fifo_wr:1.0' (from User Repositories).
INFO: [IP_Flow 19-5107] Inferred bus interface 's1_cmd_12' of definition 'analog.com:interface:fifo_wr:1.0' (from User Repositories).
INFO: [IP_Flow 19-5107] Inferred bus interface 's1_cmd_13' of definition 'analog.com:interface:fifo_wr:1.0' (from User Repositories).
INFO: [IP_Flow 19-5107] Inferred bus interface 's1_cmd_14' of definition 'analog.com:interface:fifo_wr:1.0' (from User Repositories).
INFO: [IP_Flow 19-5107] Inferred bus interface 's1_cmd_15' of definition 'analog.com:interface:fifo_wr:1.0' (from User Repositories).
INFO: [IP_Flow 19-5107] Inferred bus interface 's1_cmd_2' of definition 'analog.com:interface:fifo_wr:1.0' (from User Repositories).
INFO: [IP_Flow 19-5107] Inferred bus interface 's1_cmd_3' of definition 'analog.com:interface:fifo_wr:1.0' (from User Repositories).
INFO: [IP_Flow 19-5107] Inferred bus interface 's1_cmd_4' of definition 'analog.com:interface:fifo_wr:1.0' (from User Repositories).
INFO: [IP_Flow 19-5107] Inferred bus interface 's1_cmd_5' of definition 'analog.com:interface:fifo_wr:1.0' (from User Repositories).
INFO: [IP_Flow 19-5107] Inferred bus interface 's1_cmd_6' of definition 'analog.com:interface:fifo_wr:1.0' (from User Repositories).
INFO: [IP_Flow 19-5107] Inferred bus interface 's1_cmd_7' of definition 'analog.com:interface:fifo_wr:1.0' (from User Repositories).
INFO: [IP_Flow 19-5107] Inferred bus interface 's1_cmd_8' of definition 'analog.com:interface:fifo_wr:1.0' (from User Repositories).
INFO: [IP_Flow 19-5107] Inferred bus interface 's1_cmd_9' of definition 'analog.com:interface:fifo_wr:1.0' (from User Repositories).
INFO: [IP_Flow 19-5107] Inferred bus interface 's1_ready' of definition 'analog.com:interface:fifo_wr:1.0' (from User Repositories).
INFO: [IP_Flow 19-5107] Inferred bus interface 's1_valid' of definition 'analog.com:interface:fifo_wr:1.0' (from User Repositories).
INFO: [IP_Flow 19-5151] The Range '15:0' is present in all ports of the interface 'm_cmd'. It is assumed that this is meant to declare an array of interface. If this is not the desired behaviour, switch of this feature by disabling the parameter 'ips.enableInterfaceArrayInference'.
WARNING: [IP_Flow 19-5150] The Range '((NUM_OF_SDI * DATA_WIDTH) - 1):0' is present in all ports of the interface 'm_sdi'. It is assumed that this is meant to declare an array of interface. However, the IP Packager does not currently support Interface Arrays of variable length (based on a parameter). Please change the range to be a constant if you want IP Packager to infer this as an interface array.
WARNING: [IP_Flow 19-5150] The Range '(DATA_WIDTH - 1):0' is present in all ports of the interface 'm_sdo'. It is assumed that this is meant to declare an array of interface. However, the IP Packager does not currently support Interface Arrays of variable length (based on a parameter). Please change the range to be a constant if you want IP Packager to infer this as an interface array.
INFO: [IP_Flow 19-5151] The Range '15:0' is present in all ports of the interface 's0_cmd'. It is assumed that this is meant to declare an array of interface. If this is not the desired behaviour, switch of this feature by disabling the parameter 'ips.enableInterfaceArrayInference'.
WARNING: [IP_Flow 19-5150] The Range '((NUM_OF_SDI * DATA_WIDTH) - 1):0' is present in all ports of the interface 's0_sdi'. It is assumed that this is meant to declare an array of interface. However, the IP Packager does not currently support Interface Arrays of variable length (based on a parameter). Please change the range to be a constant if you want IP Packager to infer this as an interface array.
WARNING: [IP_Flow 19-5150] The Range '(DATA_WIDTH - 1):0' is present in all ports of the interface 's0_sdo'. It is assumed that this is meant to declare an array of interface. However, the IP Packager does not currently support Interface Arrays of variable length (based on a parameter). Please change the range to be a constant if you want IP Packager to infer this as an interface array.
INFO: [IP_Flow 19-5151] The Range '15:0' is present in all ports of the interface 's1_cmd'. It is assumed that this is meant to declare an array of interface. If this is not the desired behaviour, switch of this feature by disabling the parameter 'ips.enableInterfaceArrayInference'.
WARNING: [IP_Flow 19-5150] The Range '((NUM_OF_SDI * DATA_WIDTH) - 1):0' is present in all ports of the interface 's1_sdi'. It is assumed that this is meant to declare an array of interface. However, the IP Packager does not currently support Interface Arrays of variable length (based on a parameter). Please change the range to be a constant if you want IP Packager to infer this as an interface array.
WARNING: [IP_Flow 19-5150] The Range '(DATA_WIDTH - 1):0' is present in all ports of the interface 's1_sdo'. It is assumed that this is meant to declare an array of interface. However, the IP Packager does not currently support Interface Arrays of variable length (based on a parameter). Please change the range to be a constant if you want IP Packager to infer this as an interface array.
INFO: [IP_Flow 19-5151] The Range '7:0' is present in all ports of the interface 'm'. It is assumed that this is meant to declare an array of interface. If this is not the desired behaviour, switch of this feature by disabling the parameter 'ips.enableInterfaceArrayInference'.
INFO: [IP_Flow 19-5151] The Range '7:0' is present in all ports of the interface 's0'. It is assumed that this is meant to declare an array of interface. If this is not the desired behaviour, switch of this feature by disabling the parameter 'ips.enableInterfaceArrayInference'.
INFO: [IP_Flow 19-5151] The Range '7:0' is present in all ports of the interface 's1'. It is assumed that this is meant to declare an array of interface. If this is not the desired behaviour, switch of this feature by disabling the parameter 'ips.enableInterfaceArrayInference'.
INFO: [IP_Flow 19-5107] Inferred bus interface 'm' of definition 'analog.com:interface:spi_engine_ctrl:1.0' (from User Repositories).
INFO: [IP_Flow 19-5107] Inferred bus interface 's0' of definition 'analog.com:interface:spi_engine_ctrl:1.0' (from User Repositories).
INFO: [IP_Flow 19-5107] Inferred bus interface 's1' of definition 'analog.com:interface:spi_engine_ctrl:1.0' (from User Repositories).
INFO: [IP_Flow 19-5107] Inferred bus interface 'm_data' of definition 'analog.com:interface:spi_master:1.0' (from User Repositories).
INFO: [IP_Flow 19-5107] Inferred bus interface 's0_data' of definition 'analog.com:interface:spi_master:1.0' (from User Repositories).
INFO: [IP_Flow 19-5107] Inferred bus interface 's1_data' of definition 'analog.com:interface:spi_master:1.0' (from User Repositories).
INFO: [IP_Flow 19-4753] Inferred signal 'reset' from port 'resetn' as interface 'resetn'.
INFO: [IP_Flow 19-4728] Bus Interface 'resetn': Added interface parameter 'POLARITY' with value 'ACTIVE_LOW'.
INFO: [IP_Flow 19-4753] Inferred signal 'clock' from port 'clk' as interface 'clk'.
INFO: [IP_Flow 19-4728] Bus Interface 'clk': Added interface parameter 'ASSOCIATED_RESET' with value 'resetn'.
INFO: [IP_Flow 19-4623] Unrecognized family  azynquplus.  Please verify spelling and reissue command to set the supported files.
INFO: [IP_Flow 19-4623] Unrecognized family  azynquplus.  Please verify spelling and reissue command to set the supported files.
INFO: [IP_Flow 19-4623] Unrecognized family  qkintexu.  Please verify spelling and reissue command to set the supported files.
INFO: [IP_Flow 19-4623] Unrecognized family  qkintexu.  Please verify spelling and reissue command to set the supported files.
# ipx::remove_all_bus_interface [ipx::current_core]
# adi_add_bus "m_ctrl" "master" \
# 	"analog.com:interface:spi_engine_ctrl_rtl:1.0" \
# 	"analog.com:interface:spi_engine_ctrl:1.0" \
# 	{ \
# 		{"m_cmd_ready" "CMD_READY"} \
# 		{"m_cmd_valid" "CMD_VALID"} \
# 		{"m_cmd_data" "CMD_DATA"} \
# 		{"m_sdo_ready" "SDO_READY"} \
# 		{"m_sdo_valid" "SDO_VALID"} \
# 		{"m_sdo_data" "SDO_DATA"} \
# 		{"m_sdi_ready" "SDI_READY"} \
# 		{"m_sdi_valid" "SDI_VALID"} \
# 		{"m_sdi_data" "SDI_DATA"} \
# 		{"m_sync_ready" "SYNC_READY"} \
# 		{"m_sync_valid" "SYNC_VALID"} \
# 		{"m_sync" "SYNC_DATA"} \
# 	}
# adi_add_bus_clock "clk" "m_ctrl" "resetn"
# foreach prefix [list "s0" "s1"] {
# 	adi_add_bus [format "%s_ctrl" $prefix] "slave" \
# 		"analog.com:interface:spi_engine_ctrl_rtl:1.0" \
# 		"analog.com:interface:spi_engine_ctrl:1.0" \
# 		[list \
# 			[list [format "%s_cmd_ready" $prefix] "CMD_READY"] \
# 			[list [format "%s_cmd_valid" $prefix] "CMD_VALID"] \
# 			[list [format "%s_cmd_data" $prefix] "CMD_DATA"] \
# 			[list [format "%s_sdo_ready" $prefix] "SDO_READY"] \
# 			[list [format "%s_sdo_valid" $prefix] "SDO_VALID"] \
# 			[list [format "%s_sdo_data" $prefix] "SDO_DATA"] \
# 			[list [format "%s_sdi_ready" $prefix] "SDI_READY"] \
# 			[list [format "%s_sdi_valid" $prefix] "SDI_VALID"] \
# 			[list [format "%s_sdi_data" $prefix] "SDI_DATA"] \
# 			[list [format "%s_sync_ready" $prefix] "SYNC_READY"] \
# 			[list [format "%s_sync_valid" $prefix] "SYNC_VALID"] \
# 			[list [format "%s_sync" $prefix] "SYNC_DATA"] \
# 		]
# 	adi_add_bus_clock "clk" [format "%s_ctrl" $prefix] "resetn"
# }
# ipx::save_core [ipx::current_core]
INFO: [Common 17-206] Exiting Vivado at Thu Jul 26 12:59:34 2018...
