Copyright 1986-2017 Xilinx, Inc. All Rights Reserved.
------------------------------------------------------------------------------------
| Tool Version : Vivado v.2017.4 (win64) Build 2086221 Fri Dec 15 20:55:39 MST 2017
| Date         : Fri Sep  7 18:12:19 2018
| Host         : DESKTOP-9BSENP7 running 64-bit major release  (build 9200)
| Command      : upgrade_ip
| Device       : xczu9eg-ffvb1156-2-e
------------------------------------------------------------------------------------

Upgrade Log for IP 'system_format_9234_timestamp_0_0'

1. Summary
----------

CAUTION (success, with warnings) in the upgrade of system_format_9234_timestamp_0_0 (zvision:user:format_9234_timestamp:1.0) from (Rev. 3) to (Rev. 4)

After upgrade, an IP may have parameter differences compared to the original customization. Please review the parameters within the IP customization GUI to ensure proper functionality.

2. Customization warnings
-------------------------

The normal upgrade process failed due to validation failures in the given configuration. Attempting partial upgrade to set as many user parameters as possible. Please check the parameters whose values were not applied.

Unable to set the value '0x00000096' on parameter 'Trigtorecv Delay' due to the following failure - 
Invalid long/float value '0x00000096' specified for parameter 'Trigtorecv Delay(TRIGtoRECV_DELAY)' for BD Cell 'system_format_9234_timestamp_0_0'.
. Restoring to an old valid value of '0'

Unable to set the value '0x000000A0' on parameter 'Trigtopsirq Delay' due to the following failure - 
Invalid long/float value '0x000000A0' specified for parameter 'Trigtopsirq Delay(TRIGtoPSIRQ_DELAY)' for BD Cell 'system_format_9234_timestamp_0_0'.
. Restoring to an old valid value of '0'

Unable to set the value '0x000000FA' on parameter 'Recv64 Cnt' due to the following failure - 
Invalid long/float value '0x000000FA' specified for parameter 'Recv64 Cnt(RECV64_CNT)' for BD Cell 'system_format_9234_timestamp_0_0'.
. Restoring to an old valid value of '0'

Parameter 'WAVEFORM_CNT' is no longer present on the upgraded IP 'system_format_9234_timestamp_0_0', and cannot be set to '1000'

Parameter 'TRANS64_CNT' is no longer present on the upgraded IP 'system_format_9234_timestamp_0_0', and cannot be set to '500'

Parameter 'TRIGtoTRANS_DELAY' is no longer present on the upgraded IP 'system_format_9234_timestamp_0_0', and cannot be set to '155'

Parameter 'TRIGtoWAVE_DELAY' is no longer present on the upgraded IP 'system_format_9234_timestamp_0_0', and cannot be set to '156'


3. Debug Commands
-----------------

  The following debug information can be passed to Vivado as Tcl commands,
in order to validate or debug the output of the upgrade flow.
  You may consult any warnings from within this upgrade, and alter or remove
the configuration parameter(s) which caused the warning; then execute the Tcl
commands, and use the IP Customization GUI to verify the IP configuration.

create_ip -vlnv zvision:user:format_9234_timestamp:1.0 -user_name system_format_9234_timestamp_0_0
set_property -dict "\
  CONFIG.Component_Name {system_format_9234_timestamp_0_0} \
  CONFIG.RECV64_CNT {0x000000FA} \
  CONFIG.TRIGtoPSIRQ_DELAY {0x000000A0} \
  CONFIG.TRIGtoRECV_DELAY {0x00000096} \
  CONFIG.clk.ASSOCIATED_BUSIF {clk} \
  CONFIG.clk.ASSOCIATED_RESET {rst_n} \
  CONFIG.clk.CLK_DOMAIN {system_util_daq2_xcvr_0_rx_out_clk_0} \
  CONFIG.clk.FREQ_HZ {100000000} \
  CONFIG.clk.PHASE {0.000} \
  CONFIG.o_ps_irq.PortWidth {1} \
  CONFIG.o_ps_irq.SENSITIVITY {LEVEL_HIGH} \
  CONFIG.rst_n.POLARITY {ACTIVE_LOW} " [get_ips system_format_9234_timestamp_0_0]


