#-----------------------------------------------------------
# Vivado v2017.4 (64-bit)
# SW Build 2086221 on Fri Dec 15 20:55:39 MST 2017
# IP Build 2085800 on Fri Dec 15 22:25:07 MST 2017
# Start of session at: Fri Sep 28 19:17:13 2018
# Process ID: 16080
# Current directory: D:/adi_9234/ad9234-6-Laser
# Command line: vivado.exe -gui_launcher_event rodinguilauncherevent15628 D:\adi_9234\ad9234-6-Laser\daq2_zcu102.xpr
# Log file: D:/adi_9234/ad9234-6-Laser/vivado.log
# Journal file: D:/adi_9234/ad9234-6-Laser\vivado.jou
#-----------------------------------------------------------
start_gui
open_project D:/adi_9234/ad9234-6-Laser/daq2_zcu102.xpr
Scanning sources...
Finished scanning sources
INFO: [IP_Flow 19-234] Refreshing IP repositories
INFO: [IP_Flow 19-1700] Loaded user IP repository 'd:/adi/ad9234_1/library'.
INFO: [IP_Flow 19-1700] Loaded user IP repository 'd:/adi_9234/waveform'.
INFO: [IP_Flow 19-1700] Loaded user IP repository 'd:/adi_9234/waveform-2'.
INFO: [IP_Flow 19-2313] Loaded Vivado IP repository 'C:/Xilinx/Vivado/2017.4/data/ip'.
open_project: Time (s): cpu = 00:00:34 ; elapsed = 00:00:33 . Memory (MB): peak = 1145.848 ; gain = 435.199
update_compile_order -fileset sources_1
open_hw
connect_hw_server -url localhost:3121
INFO: [Labtools 27-2285] Connecting to hw_server url TCP:localhost:3121
current_hw_target [get_hw_targets */xilinx_tcf/Digilent/210308A465EC]
set_property PARAM.FREQUENCY 15000000 [get_hw_targets */xilinx_tcf/Digilent/210308A465EC]
open_hw_target
INFO: [Labtoolstcl 44-466] Opening hw_target localhost:3121/xilinx_tcf/Digilent/210308A465EC
open_hw_target: Time (s): cpu = 00:00:07 ; elapsed = 00:00:07 . Memory (MB): peak = 1509.145 ; gain = 363.297
set_property PROGRAM.FILE {D:/adi_9234/ad9234-6-Laser/daq2_zcu102.runs/impl_1/system_top.bit} [get_hw_devices xczu9_0]
set_property PROBES.FILE {D:/adi_9234/ad9234-6-Laser/daq2_zcu102.runs/impl_1/system_top.ltx} [get_hw_devices xczu9_0]
set_property FULL_PROBES.FILE {D:/adi_9234/ad9234-6-Laser/daq2_zcu102.runs/impl_1/system_top.ltx} [get_hw_devices xczu9_0]
current_hw_device [get_hw_devices xczu9_0]
refresh_hw_device [lindex [get_hw_devices xczu9_0] 0]
INFO: [Labtools 27-1434] Device xczu9 (JTAG device index = 0) is programmed with a design that has no supported debug core(s) in it.
WARNING: [Labtools 27-3361] The debug hub core was not detected.
Resolution: 
1. Make sure the clock connected to the debug hub (dbg_hub) core is a free running clock and is active.
2. Make sure the BSCAN_SWITCH_USER_MASK device property in Vivado Hardware Manager reflects the user scan chain setting in the design and refresh the device.  To determine the user scan chain setting in the design, open the implemented design and use 'get_property C_USER_SCAN_CHAIN [get_debug_cores dbg_hub]'.
For more details on setting the scan chain property, consult the Vivado Debug and Programming User Guide (UG908).
WARNING: [Labtools 27-3403] Dropping logic core with cellname:'i_system_wrapper/system_i/ila_0' from probes file, since it cannot be found on the programmed device.
current_hw_device [get_hw_devices arm_dap_1]
refresh_hw_device -update_hw_probes false [lindex [get_hw_devices arm_dap_1] 0]
current_hw_device [get_hw_devices xczu9_0]
ERROR: [Labtoolstcl 44-513] HW Target shutdown. Closing target: localhost:3121/xilinx_tcf/Digilent/210308A465EC
exit
INFO: [Common 17-206] Exiting Vivado at Fri Sep 28 20:07:51 2018...
