#-----------------------------------------------------------
# Vivado v2017.4 (64-bit)
# SW Build 2086221 on Fri Dec 15 20:55:39 MST 2017
# IP Build 2085800 on Fri Dec 15 22:25:07 MST 2017
# Start of session at: Thu Aug  9 11:25:31 2018
# Process ID: 18000
# Current directory: D:/adi/ad9234_1/library/axi_ad9680
# Command line: vivado.exe -gui_launcher_event rodinguilauncherevent12476 D:\adi\ad9234_1\library\axi_ad9680\axi_ad9680.xpr
# Log file: D:/adi/ad9234_1/library/axi_ad9680/vivado.log
# Journal file: D:/adi/ad9234_1/library/axi_ad9680\vivado.jou
#-----------------------------------------------------------
start_gui
open_project D:/adi/ad9234_1/library/axi_ad9680/axi_ad9680.xpr
INFO: [Project 1-313] Project file moved from 'D:/adi/hdl/library/axi_ad9680' since last save.
Scanning sources...
Finished scanning sources
INFO: [IP_Flow 19-234] Refreshing IP repositories
INFO: [IP_Flow 19-1700] Loaded user IP repository 'd:/adi/ad9234_1/library'.
INFO: [IP_Flow 19-3656] If you move the project, the path for repository 'd:/adi/ad9234_1/library' may become invalid. A better location for the repository would be in a path adjacent to the project. (Current project location is 'd:/adi/ad9234_1/library/axi_ad9680'.)
INFO: [IP_Flow 19-2313] Loaded Vivado IP repository 'C:/Xilinx/Vivado/2017.4/data/ip'.
open_project: Time (s): cpu = 00:00:09 ; elapsed = 00:00:05 . Memory (MB): peak = 824.277 ; gain = 131.582
update_compile_order -fileset sources_1
launch_runs synth_1 -jobs 4
[Thu Aug  9 11:27:41 2018] Launched synth_1...
Run output will be captured here: D:/adi/ad9234_1/library/axi_ad9680/axi_ad9680.runs/synth_1/runme.log
exit
INFO: [Common 17-206] Exiting Vivado at Thu Aug  9 16:56:24 2018...
