Copyright 1986-2017 Xilinx, Inc. All Rights Reserved.
---------------------------------------------------------------------------------------------
| Tool Version      : Vivado v.2017.4 (win64) Build 2086221 Fri Dec 15 20:55:39 MST 2017
| Date              : Mon Oct  8 16:17:22 2018
| Host              : DESKTOP-9BSENP7 running 64-bit major release  (build 9200)
| Command           : report_clock_utilization -file system_top_clock_utilization_routed.rpt
| Design            : system_top
| Device            : xczu9eg-ffvb1156
| Speed File        : -2  PRODUCTION 1.17 11-09-2017
| Temperature Grade : E
---------------------------------------------------------------------------------------------

Clock Utilization Report

Table of Contents
-----------------
1. Clock Primitive Utilization
2. Global Clock Resources
3. Global Clock Source Details
4. Local Clock Details
5. Clock Regions : Clock Primitives
6. Clock Regions : Load Primitives
7. Clock Regions : Global Clock Summary
8. Clock Regions : Routing Resource Utilization
9. Device Cell Placement Summary for Global Clock g0
10. Device Cell Placement Summary for Global Clock g1
11. Device Cell Placement Summary for Global Clock g2
12. Device Cell Placement Summary for Global Clock g3
13. Device Cell Placement Summary for Global Clock g4
14. Clock Region Cell Placement per Global Clock: Region X1Y0
15. Clock Region Cell Placement per Global Clock: Region X2Y0
16. Clock Region Cell Placement per Global Clock: Region X3Y0
17. Clock Region Cell Placement per Global Clock: Region X1Y1
18. Clock Region Cell Placement per Global Clock: Region X2Y1
19. Clock Region Cell Placement per Global Clock: Region X3Y1
20. Clock Region Cell Placement per Global Clock: Region X1Y2
21. Clock Region Cell Placement per Global Clock: Region X2Y2
22. Clock Region Cell Placement per Global Clock: Region X3Y2
23. Clock Region Cell Placement per Global Clock: Region X0Y3
24. Clock Region Cell Placement per Global Clock: Region X1Y3
25. Clock Region Cell Placement per Global Clock: Region X2Y3
26. Clock Region Cell Placement per Global Clock: Region X3Y3
27. Clock Region Cell Placement per Global Clock: Region X0Y4
28. Clock Region Cell Placement per Global Clock: Region X1Y4
29. Clock Region Cell Placement per Global Clock: Region X2Y4
30. Clock Region Cell Placement per Global Clock: Region X3Y4
31. Clock Region Cell Placement per Global Clock: Region X1Y5
32. Clock Region Cell Placement per Global Clock: Region X2Y5
33. Clock Region Cell Placement per Global Clock: Region X3Y5
34. Clock Region Cell Placement per Global Clock: Region X1Y6
35. Clock Region Cell Placement per Global Clock: Region X2Y6
36. Clock Region Cell Placement per Global Clock: Region X3Y6

1. Clock Primitive Utilization
------------------------------

+------------+------+-----------+-----+--------------+--------+
| Type       | Used | Available | LOC | Clock Region | Pblock |
+------------+------+-----------+-----+--------------+--------+
| BUFGCE     |    2 |       116 |   0 |            0 |      0 |
| BUFGCE_DIV |    0 |        16 |   0 |            0 |      0 |
| BUFGCTRL   |    0 |        32 |   0 |            0 |      0 |
| BUFG_GT    |    2 |       168 |   0 |            0 |      0 |
| MMCM       |    0 |         4 |   0 |            0 |      0 |
| PLL        |    0 |         8 |   0 |            0 |      0 |
+------------+------+-----------+-----+--------------+--------+


2. Global Clock Resources
-------------------------

+-----------+-----------+-----------------+------------+---------------+--------------+------+-------------------+-------------------+-------------+-----------------+--------------+-----------------------------------------------------------------------------------------------------+------------------------------------------------------------------------------------------+--------------------------------------------------------------------+
| Global Id | Source Id | Driver Type/Pin | Constraint | Site          | Clock Region | Root | Clock Delay Group | Load Clock Region | Clock Loads | Non-Clock Loads | Clock Period | Clock                                                                                               | Driver Pin                                                                               | Net                                                                |
+-----------+-----------+-----------------+------------+---------------+--------------+------+-------------------+-------------------+-------------+-----------------+--------------+-----------------------------------------------------------------------------------------------------+------------------------------------------------------------------------------------------+--------------------------------------------------------------------+
| g0        | src0      | BUFG_GT/O       | None       | BUFG_GT_X1Y65 | X3Y5         | X1Y3 |                   |                19 |       50815 |               1 |        4.000 | rx_div_clk                                                                                          | i_system_wrapper/system_i/util_daq2_xcvr/inst/i_xch_0/i_rx_bufg/O                        | i_system_wrapper/system_i/util_daq2_xcvr/inst/i_xch_0/rx_out_clk_0 |
| g1        | src1      | BUFG_PS/O       | None       | BUFG_PS_X0Y48 | X1Y2         | X1Y2 |                   |                17 |        6122 |               0 |       10.001 | clk_pl_0                                                                                            | i_system_wrapper/system_i/sys_ps8/inst/buffer_pl_clk_0.PL_CLK_0_BUFG/O                   | i_system_wrapper/system_i/sys_ps8/inst/pl_clk0                     |
| g2        | src2      | BUFGCE/O        | None       | BUFGCE_X0Y26  | X3Y1         | X3Y1 |                   |                 2 |         457 |               0 |       50.000 | dbg_hub/inst/BSCANID.u_xsdbm_id/SWITCH_N_EXT_BSCAN.bscan_inst/SERIES7_BSCAN.bscan_inst/INTERNAL_TCK | dbg_hub/inst/BSCANID.u_xsdbm_id/SWITCH_N_EXT_BSCAN.u_bufg_icon_tck/O                     | dbg_hub/inst/BSCANID.u_xsdbm_id/itck_i                             |
| g3        | src0      | BUFG_GT/O       | None       | BUFG_GT_X1Y50 | X3Y5         | X3Y5 |                   |                 1 |          32 |               0 |              |                                                                                                     | i_system_wrapper/system_i/util_daq2_xcvr/inst/i_xch_0/i_tx_bufg/O                        | i_system_wrapper/system_i/util_daq2_xcvr/inst/i_xch_0/tx_out_clk_0 |
| g4        | src3      | BUFGCE/O        | None       | BUFGCE_X0Y80  | X3Y3         | X3Y3 | n/a               |                 8 |           0 |            2941 |          n/a | n/a                                                                                                 | i_system_wrapper/system_i/sys_rstgen/U0/ACTIVE_LOW_PR_OUT_DFF[0].FDRE_PER_N_bufg_place/O | i_system_wrapper/system_i/sys_rstgen/U0/peripheral_aresetn[0]      |
+-----------+-----------+-----------------+------------+---------------+--------------+------+-------------------+-------------------+-------------+-----------------+--------------+-----------------------------------------------------------------------------------------------------+------------------------------------------------------------------------------------------+--------------------------------------------------------------------+
* Clock Loads column represents the clock pin loads (pin count)
** Non-Clock Loads column represents the non-clock pin loads (pin count)


3. Global Clock Source Details
------------------------------

+-----------+-----------+------------------------+--------------------+--------------------+--------------+-------------+-----------------+---------------------+-----------------------------------------------------------------------------------------------------+--------------------------------------------------------------------------------------------+--------------------------------------------------------------------------+
| Source Id | Global Id | Driver Type/Pin        | Constraint         | Site               | Clock Region | Clock Loads | Non-Clock Loads | Source Clock Period | Source Clock                                                                                        | Driver Pin                                                                                 | Net                                                                      |
+-----------+-----------+------------------------+--------------------+--------------------+--------------+-------------+-----------------+---------------------+-----------------------------------------------------------------------------------------------------+--------------------------------------------------------------------------------------------+--------------------------------------------------------------------------+
| src0      | g0        | GTHE4_CHANNEL/RXOUTCLK | GTHE4_CHANNEL_X1Y8 | GTHE4_CHANNEL_X1Y8 | X3Y5         |           2 |               0 |               4.000 | rx_div_clk                                                                                          | i_system_wrapper/system_i/util_daq2_xcvr/inst/i_xch_0/i_gthe4_channel/RXOUTCLK             | i_system_wrapper/system_i/util_daq2_xcvr/inst/i_xch_0/rx_out_clk_s       |
| src0      | g3        | GTHE4_CHANNEL/TXOUTCLK | GTHE4_CHANNEL_X1Y8 | GTHE4_CHANNEL_X1Y8 | X3Y5         |           2 |               0 |                     |                                                                                                     | i_system_wrapper/system_i/util_daq2_xcvr/inst/i_xch_0/i_gthe4_channel/TXOUTCLK             | i_system_wrapper/system_i/util_daq2_xcvr/inst/i_xch_0/tx_out_clk_s       |
| src1      | g1        | PS8/PLCLK[0]           | None               | PS8_X0Y0           | X0Y0         |           1 |               0 |              10.001 | clk_pl_0                                                                                            | i_system_wrapper/system_i/sys_ps8/inst/PS8_i/PLCLK[0]                                      | i_system_wrapper/system_i/sys_ps8/inst/pl_clk_unbuffered[0]              |
| src2      | g2        | BSCANE2/TCK            | None               | CONFIG_SITE_X0Y0   | X3Y1         |           1 |               0 |              50.000 | dbg_hub/inst/BSCANID.u_xsdbm_id/SWITCH_N_EXT_BSCAN.bscan_inst/SERIES7_BSCAN.bscan_inst/INTERNAL_TCK | dbg_hub/inst/BSCANID.u_xsdbm_id/SWITCH_N_EXT_BSCAN.bscan_inst/SERIES7_BSCAN.bscan_inst/TCK | dbg_hub/inst/BSCANID.u_xsdbm_id/SWITCH_N_EXT_BSCAN.bscan_inst/tck_bs     |
| src3      | g4        | FDRE/Q                 | None               | SLICE_X16Y180      | X0Y3         |           1 |              78 |                     |                                                                                                     | i_system_wrapper/system_i/sys_rstgen/U0/ACTIVE_LOW_PR_OUT_DFF[0].FDRE_PER_N/Q              | i_system_wrapper/system_i/sys_rstgen/U0/peripheral_aresetn[0]_bufg_place |
+-----------+-----------+------------------------+--------------------+--------------------+--------------+-------------+-----------------+---------------------+-----------------------------------------------------------------------------------------------------+--------------------------------------------------------------------------------------------+--------------------------------------------------------------------------+
* Clock Loads column represents the clock pin loads (pin count)
** Non-Clock Loads column represents the non-clock pin loads (pin count)


4. Local Clock Details
----------------------

+----------+-------------------+------------+--------------+--------------+-------------+-----------------+--------------+---------------------------------------------------------+------------------------------------------------------------+---------------------------------------------------------+
| Local Id | Driver Type/Pin   | Constraint | Site/BEL     | Clock Region | Clock Loads | Non-Clock Loads | Clock Period | Clock                                                   | Driver Pin                                                 | Net                                                     |
+----------+-------------------+------------+--------------+--------------+-------------+-----------------+--------------+---------------------------------------------------------+------------------------------------------------------------+---------------------------------------------------------||
| 0        | PS8/EMIOSPI0SCLKO | None       | PS8_X0Y0/PS8 | X0Y0         |           8 |               1 |      100.000 | i_system_wrapper/system_i/sys_ps8/inst/emio_spi0_sclk_o | i_system_wrapper/system_i/sys_ps8/inst/PS8_i/EMIOSPI0SCLKO | i_system_wrapper/system_i/sys_ps8/inst/emio_spi0_sclk_o - Static -
| 1        | PS8/EMIOSPI1SCLKO | None       | PS8_X0Y0/PS8 | X0Y0         |           8 |               1 |              |                                                         | i_system_wrapper/system_i/sys_ps8/inst/PS8_i/EMIOSPI1SCLKO | i_system_wrapper/system_i/sys_ps8/inst/emio_spi1_sclk_o - Static -
+----------+-------------------+------------+--------------+--------------+-------------+-----------------+--------------+---------------------------------------------------------+------------------------------------------------------------+---------------------------------------------------------||
* Local Clocks in this context represents only clocks driven by non-global buffers
** Clock Loads column represents the clock pin loads (pin count)
*** Non-Clock Loads column represents the non-clock pin loads (pin count)


5. Clock Regions : Clock Primitives
-----------------------------------

+-------------------+--------------+--------------+--------------+--------------+--------------+--------------+--------------+
|                   | Global Clock |    BUFGCE    |  BUFGCE_DIV  |   BUFGCTRL   |    BUFG_GT   |     MMCM     |      PLL     |
+-------------------+------+-------+------+-------+------+-------+------+-------+------+-------+------+-------+------+-------+
| Clock Region Name | Used | Avail | Used | Avail | Used | Avail | Used | Avail | Used | Avail | Used | Avail | Used | Avail |
+-------------------+------+-------+------+-------+------+-------+------+-------+------+-------+------+-------+------+-------+
| X0Y0              |    0 |     0 |    0 |     0 |    0 |     0 |    0 |     0 |    0 |     0 |    0 |     0 |    0 |     0 |
| X1Y0              |    2 |    24 |    0 |     0 |    0 |     0 |    0 |     0 |    0 |     0 |    0 |     0 |    0 |     0 |
| X2Y0              |    2 |    24 |    0 |     0 |    0 |     0 |    0 |     0 |    0 |     0 |    0 |     0 |    0 |     0 |
| X3Y0              |    2 |    24 |    0 |    28 |    0 |     4 |    0 |     8 |    0 |     0 |    0 |     1 |    0 |     2 |
| X0Y1              |    0 |     0 |    0 |     0 |    0 |     0 |    0 |     0 |    0 |     0 |    0 |     0 |    0 |     0 |
| X1Y1              |    3 |    24 |    0 |     0 |    0 |     0 |    0 |     0 |    0 |     0 |    0 |     0 |    0 |     0 |
| X2Y1              |    4 |    24 |    0 |     0 |    0 |     0 |    0 |     0 |    0 |     0 |    0 |     0 |    0 |     0 |
| X3Y1              |    4 |    24 |    1 |    24 |    0 |     4 |    0 |     8 |    0 |     0 |    0 |     1 |    0 |     2 |
| X0Y2              |    0 |     0 |    0 |     0 |    0 |     0 |    0 |     0 |    0 |     0 |    0 |     0 |    0 |     0 |
| X1Y2              |    3 |    24 |    0 |     0 |    0 |     0 |    0 |     0 |    0 |     0 |    0 |     0 |    0 |     0 |
| X2Y2              |    3 |    24 |    0 |     0 |    0 |     0 |    0 |     0 |    0 |     0 |    0 |     0 |    0 |     0 |
| X3Y2              |    3 |    24 |    0 |    24 |    0 |     4 |    0 |     8 |    0 |     0 |    0 |     1 |    0 |     2 |
| X0Y3              |    3 |    24 |    0 |     0 |    0 |     0 |    0 |     0 |    0 |    24 |    0 |     0 |    0 |     0 |
| X1Y3              |    3 |    24 |    0 |     0 |    0 |     0 |    0 |     0 |    0 |     0 |    0 |     0 |    0 |     0 |
| X2Y3              |    3 |    24 |    0 |     0 |    0 |     0 |    0 |     0 |    0 |     0 |    0 |     0 |    0 |     0 |
| X3Y3              |    3 |    24 |    1 |    28 |    0 |     4 |    0 |     8 |    0 |     0 |    0 |     1 |    0 |     2 |
| X0Y4              |    1 |    24 |    0 |     0 |    0 |     0 |    0 |     0 |    0 |    24 |    0 |     0 |    0 |     0 |
| X1Y4              |    2 |    24 |    0 |     0 |    0 |     0 |    0 |     0 |    0 |     0 |    0 |     0 |    0 |     0 |
| X2Y4              |    2 |    24 |    0 |     0 |    0 |     0 |    0 |     0 |    0 |     0 |    0 |     0 |    0 |     0 |
| X3Y4              |    3 |    24 |    0 |     4 |    0 |     0 |    0 |     0 |    0 |    24 |    0 |     0 |    0 |     0 |
| X0Y5              |    0 |    24 |    0 |     0 |    0 |     0 |    0 |     0 |    0 |    24 |    0 |     0 |    0 |     0 |
| X1Y5              |    2 |    24 |    0 |     0 |    0 |     0 |    0 |     0 |    0 |     0 |    0 |     0 |    0 |     0 |
| X2Y5              |    2 |    24 |    0 |     0 |    0 |     0 |    0 |     0 |    0 |     0 |    0 |     0 |    0 |     0 |
| X3Y5              |    4 |    24 |    0 |     4 |    0 |     0 |    0 |     0 |    2 |    24 |    0 |     0 |    0 |     0 |
| X0Y6              |    0 |    24 |    0 |     0 |    0 |     0 |    0 |     0 |    0 |    24 |    0 |     0 |    0 |     0 |
| X1Y6              |    1 |    24 |    0 |     0 |    0 |     0 |    0 |     0 |    0 |     0 |    0 |     0 |    0 |     0 |
| X2Y6              |    1 |    24 |    0 |     0 |    0 |     0 |    0 |     0 |    0 |     0 |    0 |     0 |    0 |     0 |
| X3Y6              |    1 |    24 |    0 |     4 |    0 |     0 |    0 |     0 |    0 |    24 |    0 |     0 |    0 |     0 |
+-------------------+------+-------+------+-------+------+-------+------+-------+------+-------+------+-------+------+-------+
* Global Clock column represents track count; while other columns represents cell counts


6. Clock Regions : Load Primitives
----------------------------------

+-------------------+------------------+------------------+------------------+------------------+------------------+------------------+------------------+
|                   |   Global Clock   |        FF        |      LUTRAM      |  Block RAM (18K) |        DSP       |        GT        |      HARD IP     |
+-------------------+--------+---------+--------+---------+--------+---------+--------+---------+--------+---------+--------+---------+--------+---------+
| Clock Region Name | Used   | Avail   | Used   | Avail   | Used   | Avail   | Used   | Avail   | Used   | Avail   | Used   | Avail   | Used   | Avail   |
+-------------------+--------+---------+--------+---------+--------+---------+--------+---------+--------+---------+--------+---------+--------+---------+
| X0Y0              |      0 |       0 |      0 |       0 |      0 |       0 |      0 |       0 |      0 |       0 |      0 |       0 |      0 |       0 |
| X1Y0              |      2 |      24 |     51 |   19200 |      0 |    5280 |     30 |      48 |      0 |     120 |      0 |       0 |      0 |       0 |
| X2Y0              |      2 |      24 |    257 |   20160 |      0 |    5280 |     58 |      72 |      0 |      96 |      0 |       0 |      0 |       0 |
| X3Y0              |      2 |      24 |      4 |   19200 |      0 |    4800 |     24 |      72 |      0 |      48 |      0 |       0 |      0 |       0 |
| X0Y1              |      0 |       0 |      0 |       0 |      0 |       0 |      0 |       0 |      0 |       0 |      0 |       0 |      0 |       0 |
| X1Y1              |      3 |      24 |   3617 |   19200 |     45 |    5280 |     38 |      48 |      0 |     120 |      0 |       0 |      0 |       0 |
| X2Y1              |      4 |      24 |   5721 |   20160 |    127 |    5280 |     68 |      72 |      0 |      96 |      0 |       0 |      0 |       0 |
| X3Y1              |      4 |      24 |    174 |   19200 |      0 |    4800 |     48 |      72 |      0 |      48 |      0 |       0 |      0 |       0 |
| X0Y2              |      0 |       0 |      0 |       0 |      0 |       0 |      0 |       0 |      0 |       0 |      0 |       0 |      0 |       0 |
| X1Y2              |      3 |      24 |   7596 |   19200 |    125 |    5280 |      6 |      48 |      0 |     120 |      0 |       0 |      0 |       0 |
| X2Y2              |      3 |      24 |   7877 |   20160 |    162 |    5280 |     18 |      72 |      0 |      96 |      0 |       0 |      0 |       0 |
| X3Y2              |      3 |      24 |   2102 |   19200 |      0 |    4800 |      0 |      72 |      0 |      48 |      0 |       0 |      0 |       0 |
| X0Y3              |      3 |      24 |   3945 |   27840 |     26 |    7200 |      0 |      96 |      0 |     144 |      0 |       4 |      0 |       0 |
| X1Y3              |      3 |      24 |   9530 |   25920 |      3 |    7200 |      0 |      72 |      0 |     144 |      0 |       0 |      0 |       0 |
| X2Y3              |      3 |      24 |   7435 |   20160 |      0 |    5280 |      1 |      72 |      0 |      96 |      0 |       0 |      0 |       0 |
| X3Y3              |      3 |      24 |   3356 |   19200 |      0 |    4800 |      2 |      72 |      0 |      48 |      0 |       0 |      0 |       0 |
| X0Y4              |      1 |      24 |     40 |   27840 |      0 |    7200 |      0 |      96 |      0 |     144 |      0 |       4 |      0 |       0 |
| X1Y4              |      2 |      24 |   1036 |   25920 |      0 |    7200 |      0 |      72 |      0 |     144 |      0 |       0 |      0 |       0 |
| X2Y4              |      2 |      24 |   1146 |   20160 |      2 |    5280 |      1 |      72 |      0 |      96 |      0 |       0 |      0 |       0 |
| X3Y4              |      3 |      24 |   1237 |   19200 |      0 |    4800 |      0 |      72 |      0 |      48 |      0 |       4 |      0 |       0 |
| X0Y5              |      0 |      24 |      0 |   27840 |      0 |    7200 |      0 |      96 |      0 |     144 |      0 |       4 |      0 |       0 |
| X1Y5              |      2 |      24 |      0 |   25920 |      0 |    7200 |      0 |      72 |      0 |     144 |      0 |       0 |      0 |       0 |
| X2Y5              |      2 |      24 |      0 |   20160 |      0 |    5280 |      0 |      72 |      0 |      96 |      0 |       0 |      0 |       0 |
| X3Y5              |      4 |      24 |    705 |   19200 |      0 |    4800 |      0 |      72 |      0 |      48 |      4 |       4 |      0 |       0 |
| X0Y6              |      0 |      24 |      0 |   27840 |      0 |    7200 |      0 |      96 |      0 |     144 |      0 |       4 |      0 |       0 |
| X1Y6              |      1 |      24 |      0 |   25920 |      0 |    7200 |      0 |      72 |      0 |     144 |      0 |       0 |      0 |       0 |
| X2Y6              |      1 |      24 |      0 |   20160 |      0 |    5280 |      0 |      72 |      0 |      96 |      0 |       0 |      0 |       0 |
| X3Y6              |      1 |      24 |      0 |   19200 |      0 |    4800 |      0 |      72 |      0 |      48 |      0 |       4 |      0 |       0 |
+-------------------+--------+---------+--------+---------+--------+---------+--------+---------+--------+---------+--------+---------+--------+---------+
* Global Clock column represents track count; while other columns represents cell counts


7. Clock Regions : Global Clock Summary
---------------------------------------

All Modules
+----+----+----+----+----+
|    | X0 | X1 | X2 | X3 |
+----+----+----+----+----+
| Y6 |  0 |  1 |  1 |  1 |
| Y5 |  0 |  2 |  2 |  4 |
| Y4 |  1 |  2 |  2 |  3 |
| Y3 |  3 |  3 |  3 |  3 |
| Y2 |  0 |  3 |  3 |  3 |
| Y1 |  0 |  3 |  4 |  4 |
| Y0 |  0 |  2 |  2 |  2 |
+----+----+----+----+----+


8. Clock Regions : Routing Resource Utilization
-----------------------------------------------

All Modules
+-------------------+----------------------+----------------------+----------------------+----------------------+
|                   |        HROUTES       |        HDISTRS       |        VROUTES       |        VDISTRS       |
+-------------------+------+-------+-------+------+-------+-------+------+-------+-------+------+-------+-------+
| Clock Region Name | Used | Avail | Util% | Used | Avail | Util% | Used | Avail | Util% | Used | Avail | Util% |
+-------------------+------+-------+-------+------+-------+-------+------+-------+-------+------+-------+-------+
| X0Y0              |    0 |     0 |  0.00 |    0 |     0 |  0.00 |    0 |     0 |  0.00 |    0 |     0 |  0.00 |
| X1Y0              |    0 |    24 |  0.00 |    2 |    24 |  8.33 |    0 |    24 |  0.00 |    2 |    24 |  8.33 |
| X2Y0              |    0 |    24 |  0.00 |    2 |    24 |  8.33 |    0 |    24 |  0.00 |    0 |    24 |  0.00 |
| X3Y0              |    0 |    24 |  0.00 |    2 |    24 |  8.33 |    0 |    24 |  0.00 |    0 |    24 |  0.00 |
| X0Y1              |    0 |     0 |  0.00 |    0 |     0 |  0.00 |    0 |     0 |  0.00 |    0 |     0 |  0.00 |
| X1Y1              |    0 |    24 |  0.00 |    3 |    24 | 12.50 |    0 |    24 |  0.00 |    2 |    24 |  8.33 |
| X2Y1              |    0 |    24 |  0.00 |    4 |    24 | 16.67 |    0 |    24 |  0.00 |    0 |    24 |  0.00 |
| X3Y1              |    0 |    24 |  0.00 |    4 |    24 | 16.67 |    0 |    24 |  0.00 |    1 |    24 |  4.17 |
| X0Y2              |    0 |     0 |  0.00 |    0 |     0 |  0.00 |    0 |     0 |  0.00 |    0 |     0 |  0.00 |
| X1Y2              |    1 |    24 |  4.17 |    3 |    24 | 12.50 |    0 |    24 |  0.00 |    2 |    24 |  8.33 |
| X2Y2              |    0 |    24 |  0.00 |    3 |    24 | 12.50 |    0 |    24 |  0.00 |    0 |    24 |  0.00 |
| X3Y2              |    0 |    24 |  0.00 |    3 |    24 | 12.50 |    0 |    24 |  0.00 |    1 |    24 |  4.17 |
| X0Y3              |    0 |    24 |  0.00 |    3 |    24 | 12.50 |    0 |    24 |  0.00 |    0 |    24 |  0.00 |
| X1Y3              |    0 |    24 |  0.00 |    3 |    24 | 12.50 |    1 |    24 |  4.17 |    2 |    24 |  8.33 |
| X2Y3              |    0 |    24 |  0.00 |    3 |    24 | 12.50 |    0 |    24 |  0.00 |    0 |    24 |  0.00 |
| X3Y3              |    1 |    24 |  4.17 |    3 |    24 | 12.50 |    0 |    24 |  0.00 |    1 |    24 |  4.17 |
| X0Y4              |    0 |    24 |  0.00 |    1 |    24 |  4.17 |    0 |    24 |  0.00 |    0 |    24 |  0.00 |
| X1Y4              |    0 |    24 |  0.00 |    2 |    24 |  8.33 |    1 |    24 |  4.17 |    2 |    24 |  8.33 |
| X2Y4              |    0 |    24 |  0.00 |    2 |    24 |  8.33 |    0 |    24 |  0.00 |    0 |    24 |  0.00 |
| X3Y4              |    0 |    24 |  0.00 |    3 |    24 | 12.50 |    0 |    24 |  0.00 |    1 |    24 |  4.17 |
| X0Y5              |    0 |    24 |  0.00 |    0 |    24 |  0.00 |    0 |    24 |  0.00 |    0 |    24 |  0.00 |
| X1Y5              |    1 |    24 |  4.17 |    2 |    24 |  8.33 |    1 |    24 |  4.17 |    1 |    24 |  4.17 |
| X2Y5              |    1 |    24 |  4.17 |    2 |    24 |  8.33 |    0 |    24 |  0.00 |    0 |    24 |  0.00 |
| X3Y5              |    1 |    24 |  4.17 |    4 |    24 | 16.67 |    0 |    24 |  0.00 |    0 |    24 |  0.00 |
| X0Y6              |    0 |    24 |  0.00 |    0 |    24 |  0.00 |    0 |    24 |  0.00 |    0 |    24 |  0.00 |
| X1Y6              |    0 |    24 |  0.00 |    1 |    24 |  4.17 |    0 |    24 |  0.00 |    0 |    24 |  0.00 |
| X2Y6              |    0 |    24 |  0.00 |    1 |    24 |  4.17 |    0 |    24 |  0.00 |    0 |    24 |  0.00 |
| X3Y6              |    0 |    24 |  0.00 |    1 |    24 |  4.17 |    0 |    24 |  0.00 |    0 |    24 |  0.00 |
+-------------------+------+-------+-------+------+-------+-------+------+-------+-------+------+-------+-------+


9. Device Cell Placement Summary for Global Clock g0
----------------------------------------------------

+-----------+-----------------+-------------------+------------+-------------+---------------+----------+-------------+----------+----------------+----------+--------------------------------------------------------------------+
| Global Id | Driver Type/Pin | Driver Region (D) | Clock      | Period (ns) | Waveform (ns) | Root (R) | Slice Loads | IO Loads | Clocking Loads | GT Loads | Net                                                                |
+-----------+-----------------+-------------------+------------+-------------+---------------+----------+-------------+----------+----------------+----------+--------------------------------------------------------------------+
| g0        | BUFG_GT/O       | X3Y5              | rx_div_clk |       4.000 | {0.000 2.000} | X1Y3     |       50001 |        1 |              0 |        4 | i_system_wrapper/system_i/util_daq2_xcvr/inst/i_xch_0/rx_out_clk_0 |
+-----------+-----------------+-------------------+------------+-------------+---------------+----------+-------------+----------+----------------+----------+--------------------------------------------------------------------+
* Logic Loads column represents load cell count of all cell types other than IO, GT and clock resources
** IO Loads column represents load cell count of IO types
*** Clocking Loads column represents load cell count that are clock resources (global clock buffer, MMCM, PLL, etc)
**** GT Loads column represents load cell count of GT types


+----+-------+----------+-------+---------+
|    | X0    | X1       | X2    | X3      |
+----+-------+----------+-------+---------+
| Y6 |     0 |        0 |     0 |       1 |
| Y5 |     0 |        0 |     0 |  (D) 35 |
| Y4 |    40 |     1036 |  1140 |     484 |
| Y3 |  3320 | (R) 9419 |  7395 |    2913 |
| Y2 |     0 |     5828 |  8048 |    2095 |
| Y1 |     0 |     2419 |  5469 |      25 |
| Y0 |     0 |       58 |   269 |      12 |
+----+-------+----------+-------+---------+


10. Device Cell Placement Summary for Global Clock g1
-----------------------------------------------------

+-----------+-----------------+-------------------+----------+-------------+---------------+----------+-------------+----------+----------------+----------+------------------------------------------------+
| Global Id | Driver Type/Pin | Driver Region (D) | Clock    | Period (ns) | Waveform (ns) | Root (R) | Slice Loads | IO Loads | Clocking Loads | GT Loads | Net                                            |
+-----------+-----------------+-------------------+----------+-------------+---------------+----------+-------------+----------+----------------+----------+------------------------------------------------+
| g1        | BUFG_PS/O       | X1Y2              | clk_pl_0 |      10.001 | {0.000 5.001} | X1Y2     |        6101 |        0 |              0 |        5 | i_system_wrapper/system_i/sys_ps8/inst/pl_clk0 |
+-----------+-----------------+-------------------+----------+-------------+---------------+----------+-------------+----------+----------------+----------+------------------------------------------------+
* Logic Loads column represents load cell count of all cell types other than IO, GT and clock resources
** IO Loads column represents load cell count of IO types
*** Clocking Loads column represents load cell count that are clock resources (global clock buffer, MMCM, PLL, etc)
**** GT Loads column represents load cell count of GT types


+----+------+--------------+------+------+
|    | X0   | X1           | X2   | X3   |
+----+------+--------------+------+------+
| Y6 |    0 |            0 |    0 |    0 |
| Y5 |    0 |            0 |    0 |  655 |
| Y4 |    0 |            0 |    9 |  753 |
| Y3 |  649 |          114 |   41 |  445 |
| Y2 |    0 | (R) (D) 1882 |    1 |    7 |
| Y1 |    0 |         1279 |  149 |   36 |
| Y0 |    1 |           23 |   46 |   16 |
+----+------+--------------+------+------+


11. Device Cell Placement Summary for Global Clock g2
-----------------------------------------------------

+-----------+-----------------+-------------------+-----------------------------------------------------------------------------------------------------+-------------+----------------+----------+-------------+----------+----------------+----------+----------------------------------------+
| Global Id | Driver Type/Pin | Driver Region (D) | Clock                                                                                               | Period (ns) | Waveform (ns)  | Root (R) | Slice Loads | IO Loads | Clocking Loads | GT Loads | Net                                    |
+-----------+-----------------+-------------------+-----------------------------------------------------------------------------------------------------+-------------+----------------+----------+-------------+----------+----------------+----------+----------------------------------------+
| g2        | BUFGCE/O        | X3Y1              | dbg_hub/inst/BSCANID.u_xsdbm_id/SWITCH_N_EXT_BSCAN.bscan_inst/SERIES7_BSCAN.bscan_inst/INTERNAL_TCK |      50.000 | {0.000 25.000} | X3Y1     |         455 |        0 |              0 |        0 | dbg_hub/inst/BSCANID.u_xsdbm_id/itck_i |
+-----------+-----------------+-------------------+-----------------------------------------------------------------------------------------------------+-------------+----------------+----------+-------------+----------+----------------+----------+----------------------------------------+
* Logic Loads column represents load cell count of all cell types other than IO, GT and clock resources
** IO Loads column represents load cell count of IO types
*** Clocking Loads column represents load cell count that are clock resources (global clock buffer, MMCM, PLL, etc)
**** GT Loads column represents load cell count of GT types


+----+----+----+------+-------------+
|    | X0 | X1 | X2   | X3          |
+----+----+----+------+-------------+
| Y6 |  0 |  0 |    0 |           0 |
| Y5 |  0 |  0 |    0 |           0 |
| Y4 |  0 |  0 |    0 |           0 |
| Y3 |  0 |  0 |    0 |           0 |
| Y2 |  0 |  0 |    0 |           0 |
| Y1 |  0 |  0 |  294 | (R) (D) 161 |
| Y0 |  0 |  0 |    0 |           0 |
+----+----+----+------+-------------+


12. Device Cell Placement Summary for Global Clock g3
-----------------------------------------------------

+-----------+-----------------+-------------------+-------+-------------+---------------+----------+-------------+----------+----------------+----------+--------------------------------------------------------------------+
| Global Id | Driver Type/Pin | Driver Region (D) | Clock | Period (ns) | Waveform (ns) | Root (R) | Slice Loads | IO Loads | Clocking Loads | GT Loads | Net                                                                |
+-----------+-----------------+-------------------+-------+-------------+---------------+----------+-------------+----------+----------------+----------+--------------------------------------------------------------------+
| g3        | BUFG_GT/O       | X3Y5              |       |             |               | X3Y5     |          24 |        0 |              0 |        4 | i_system_wrapper/system_i/util_daq2_xcvr/inst/i_xch_0/tx_out_clk_0 |
+-----------+-----------------+-------------------+-------+-------------+---------------+----------+-------------+----------+----------------+----------+--------------------------------------------------------------------+
* Logic Loads column represents load cell count of all cell types other than IO, GT and clock resources
** IO Loads column represents load cell count of IO types
*** Clocking Loads column represents load cell count that are clock resources (global clock buffer, MMCM, PLL, etc)
**** GT Loads column represents load cell count of GT types


+----+----+----+----+------------+
|    | X0 | X1 | X2 | X3         |
+----+----+----+----+------------+
| Y6 |  0 |  0 |  0 |          0 |
| Y5 |  0 |  0 |  0 | (R) (D) 28 |
| Y4 |  0 |  0 |  0 |          0 |
| Y3 |  0 |  0 |  0 |          0 |
| Y2 |  0 |  0 |  0 |          0 |
| Y1 |  0 |  0 |  0 |          0 |
| Y0 |  0 |  0 |  0 |          0 |
+----+----+----+----+------------+


13. Device Cell Placement Summary for Global Clock g4
-----------------------------------------------------

+-----------+-----------------+-------------------+-------+-------------+---------------+----------+-------------+----------+----------------+----------+---------------------------------------------------------------+
| Global Id | Driver Type/Pin | Driver Region (D) | Clock | Period (ns) | Waveform (ns) | Root (R) | Slice Loads | IO Loads | Clocking Loads | GT Loads | Net                                                           |
+-----------+-----------------+-------------------+-------+-------------+---------------+----------+-------------+----------+----------------+----------+---------------------------------------------------------------+
| g4        | BUFGCE/O        | X3Y3              |       |             |               | X3Y3     |        2941 |        0 |              0 |        0 | i_system_wrapper/system_i/sys_rstgen/U0/peripheral_aresetn[0] |
+-----------+-----------------+-------------------+-------+-------------+---------------+----------+-------------+----------+----------------+----------+---------------------------------------------------------------+
* Logic Loads column represents load cell count of all cell types other than IO, GT and clock resources
** IO Loads column represents load cell count of IO types
*** Clocking Loads column represents load cell count that are clock resources (global clock buffer, MMCM, PLL, etc)
**** GT Loads column represents load cell count of GT types


+----+------+------+-----+-------------+
|    | X0   | X1   | X2  | X3          |
+----+------+------+-----+-------------+
| Y6 |    0 |    0 |   0 |           0 |
| Y5 |    0 |    0 |   0 |         646 |
| Y4 |    0 |    0 |   0 |         705 |
| Y3 |  149 |   74 |  18 | (R) (D) 175 |
| Y2 |    0 |  837 |   0 |           0 |
| Y1 |    0 |  337 |   0 |           0 |
| Y0 |    0 |    0 |   0 |           0 |
+----+------+------+-----+-------------+


14. Clock Region Cell Placement per Global Clock: Region X1Y0
-------------------------------------------------------------

+-----------+-------+-----------------+------------+-------------+-----------------+----+--------+------+-----+----+------+-----+---------+--------------------------------------------------------------------+
| Global Id | Track | Driver Type/Pin | Constraint | Clock Loads | Non-Clock Loads | FF | LUTRAM | RAMB | DSP | GT | MMCM | PLL | Hard IP | Net                                                                |
+-----------+-------+-----------------+------------+-------------+-----------------+----+--------+------+-----+----+------+-----+---------+--------------------------------------------------------------------+
| g0        | 17    | BUFG_GT/O       | None       |          58 |               0 | 43 |      0 |   15 |   0 |  0 |    0 |   0 |       0 | i_system_wrapper/system_i/util_daq2_xcvr/inst/i_xch_0/rx_out_clk_0 |
| g1        | 0     | BUFG_PS/O       | None       |          23 |               0 |  8 |      0 |   15 |   0 |  0 |    0 |   0 |       0 | i_system_wrapper/system_i/sys_ps8/inst/pl_clk0                     |
+-----------+-------+-----------------+------------+-------------+-----------------+----+--------+------+-----+----+------+-----+---------+--------------------------------------------------------------------+
* Clock Loads column represents the clock pin loads (pin count)
** Non-Clock Loads column represents the non-clock pin loads (pin count)
*** Columns FF, LUTRAM, RAMB through 'Hard IP' represents load cell counts


15. Clock Region Cell Placement per Global Clock: Region X2Y0
-------------------------------------------------------------

+-----------+-------+-----------------+------------+-------------+-----------------+-----+--------+------+-----+----+------+-----+---------+--------------------------------------------------------------------+
| Global Id | Track | Driver Type/Pin | Constraint | Clock Loads | Non-Clock Loads | FF  | LUTRAM | RAMB | DSP | GT | MMCM | PLL | Hard IP | Net                                                                |
+-----------+-------+-----------------+------------+-------------+-----------------+-----+--------+------+-----+----+------+-----+---------+--------------------------------------------------------------------+
| g0        | 17    | BUFG_GT/O       | None       |         269 |               0 | 240 |      0 |   29 |   0 |  0 |    0 |   0 |       0 | i_system_wrapper/system_i/util_daq2_xcvr/inst/i_xch_0/rx_out_clk_0 |
| g1        | 0     | BUFG_PS/O       | None       |          46 |               0 |  17 |      0 |   29 |   0 |  0 |    0 |   0 |       0 | i_system_wrapper/system_i/sys_ps8/inst/pl_clk0                     |
+-----------+-------+-----------------+------------+-------------+-----------------+-----+--------+------+-----+----+------+-----+---------+--------------------------------------------------------------------+
* Clock Loads column represents the clock pin loads (pin count)
** Non-Clock Loads column represents the non-clock pin loads (pin count)
*** Columns FF, LUTRAM, RAMB through 'Hard IP' represents load cell counts


16. Clock Region Cell Placement per Global Clock: Region X3Y0
-------------------------------------------------------------

+-----------+-------+-----------------+------------+-------------+-----------------+----+--------+------+-----+----+------+-----+---------+--------------------------------------------------------------------+
| Global Id | Track | Driver Type/Pin | Constraint | Clock Loads | Non-Clock Loads | FF | LUTRAM | RAMB | DSP | GT | MMCM | PLL | Hard IP | Net                                                                |
+-----------+-------+-----------------+------------+-------------+-----------------+----+--------+------+-----+----+------+-----+---------+--------------------------------------------------------------------+
| g0        | 17    | BUFG_GT/O       | None       |          12 |               0 |  0 |      0 |   12 |   0 |  0 |    0 |   0 |       0 | i_system_wrapper/system_i/util_daq2_xcvr/inst/i_xch_0/rx_out_clk_0 |
| g1        | 0     | BUFG_PS/O       | None       |          16 |               0 |  4 |      0 |   12 |   0 |  0 |    0 |   0 |       0 | i_system_wrapper/system_i/sys_ps8/inst/pl_clk0                     |
+-----------+-------+-----------------+------------+-------------+-----------------+----+--------+------+-----+----+------+-----+---------+--------------------------------------------------------------------+
* Clock Loads column represents the clock pin loads (pin count)
** Non-Clock Loads column represents the non-clock pin loads (pin count)
*** Columns FF, LUTRAM, RAMB through 'Hard IP' represents load cell counts


17. Clock Region Cell Placement per Global Clock: Region X1Y1
-------------------------------------------------------------

+-----------+-------+-----------------+------------+-------------+-----------------+------+--------+------+-----+----+------+-----+---------+--------------------------------------------------------------------+
| Global Id | Track | Driver Type/Pin | Constraint | Clock Loads | Non-Clock Loads | FF   | LUTRAM | RAMB | DSP | GT | MMCM | PLL | Hard IP | Net                                                                |
+-----------+-------+-----------------+------------+-------------+-----------------+------+--------+------+-----+----+------+-----+---------+--------------------------------------------------------------------+
| g0        | 17    | BUFG_GT/O       | None       |        2419 |               0 | 2380 |     21 |   18 |   0 |  0 |    0 |   0 |       0 | i_system_wrapper/system_i/util_daq2_xcvr/inst/i_xch_0/rx_out_clk_0 |
| g1        | 0     | BUFG_PS/O       | None       |        1279 |               0 | 1237 |     24 |   18 |   0 |  0 |    0 |   0 |       0 | i_system_wrapper/system_i/sys_ps8/inst/pl_clk0                     |
| g4        | 8     | BUFGCE/O        | None       |           0 |             337 |  337 |      0 |    0 |   0 |  0 |    0 |   0 |       0 | i_system_wrapper/system_i/sys_rstgen/U0/peripheral_aresetn[0]      |
+-----------+-------+-----------------+------------+-------------+-----------------+------+--------+------+-----+----+------+-----+---------+--------------------------------------------------------------------+
* Clock Loads column represents the clock pin loads (pin count)
** Non-Clock Loads column represents the non-clock pin loads (pin count)
*** Columns FF, LUTRAM, RAMB through 'Hard IP' represents load cell counts


18. Clock Region Cell Placement per Global Clock: Region X2Y1
-------------------------------------------------------------

+-----------+-------+-----------------+------------+-------------+-----------------+------+--------+------+-----+----+------+-----+---------+--------------------------------------------------------------------+
| Global Id | Track | Driver Type/Pin | Constraint | Clock Loads | Non-Clock Loads | FF   | LUTRAM | RAMB | DSP | GT | MMCM | PLL | Hard IP | Net                                                                |
+-----------+-------+-----------------+------------+-------------+-----------------+------+--------+------+-----+----+------+-----+---------+--------------------------------------------------------------------+
| g0        | 17    | BUFG_GT/O       | None       |        5469 |               0 | 5308 |    127 |   34 |   0 |  0 |    0 |   0 |       0 | i_system_wrapper/system_i/util_daq2_xcvr/inst/i_xch_0/rx_out_clk_0 |
| g1        | 0     | BUFG_PS/O       | None       |         149 |               0 |  119 |      0 |   30 |   0 |  0 |    0 |   0 |       0 | i_system_wrapper/system_i/sys_ps8/inst/pl_clk0                     |
| g2        | 2     | BUFGCE/O        | None       |         294 |               0 |  294 |      0 |    0 |   0 |  0 |    0 |   0 |       0 | dbg_hub/inst/BSCANID.u_xsdbm_id/itck_i                             |
| g4+       | 8     | BUFGCE/O        | None       |           0 |               0 |    0 |      0 |    0 |   0 |  0 |    0 |   0 |       0 | i_system_wrapper/system_i/sys_rstgen/U0/peripheral_aresetn[0]      |
+-----------+-------+-----------------+------------+-------------+-----------------+------+--------+------+-----+----+------+-----+---------+--------------------------------------------------------------------+
* Clock Loads column represents the clock pin loads (pin count)
** Non-Clock Loads column represents the non-clock pin loads (pin count)
*** Columns FF, LUTRAM, RAMB through 'Hard IP' represents load cell counts
**** In Global Id column, sympbol '+' indicates that global clock was used only to route through the clock region.


19. Clock Region Cell Placement per Global Clock: Region X3Y1
-------------------------------------------------------------

+-----------+-------+-----------------+------------+-------------+-----------------+-----+--------+------+-----+----+------+-----+---------+--------------------------------------------------------------------+
| Global Id | Track | Driver Type/Pin | Constraint | Clock Loads | Non-Clock Loads | FF  | LUTRAM | RAMB | DSP | GT | MMCM | PLL | Hard IP | Net                                                                |
+-----------+-------+-----------------+------------+-------------+-----------------+-----+--------+------+-----+----+------+-----+---------+--------------------------------------------------------------------+
| g0        | 17    | BUFG_GT/O       | None       |          25 |               0 |   1 |      0 |   24 |   0 |  0 |    0 |   0 |       0 | i_system_wrapper/system_i/util_daq2_xcvr/inst/i_xch_0/rx_out_clk_0 |
| g1        | 0     | BUFG_PS/O       | None       |          36 |               0 |  12 |      0 |   24 |   0 |  0 |    0 |   0 |       0 | i_system_wrapper/system_i/sys_ps8/inst/pl_clk0                     |
| g2        | 2     | BUFGCE/O        | None       |         161 |               0 | 161 |      0 |    0 |   0 |  0 |    0 |   0 |       0 | dbg_hub/inst/BSCANID.u_xsdbm_id/itck_i                             |
| g4+       | 8     | BUFGCE/O        | None       |           0 |               0 |   0 |      0 |    0 |   0 |  0 |    0 |   0 |       0 | i_system_wrapper/system_i/sys_rstgen/U0/peripheral_aresetn[0]      |
+-----------+-------+-----------------+------------+-------------+-----------------+-----+--------+------+-----+----+------+-----+---------+--------------------------------------------------------------------+
* Clock Loads column represents the clock pin loads (pin count)
** Non-Clock Loads column represents the non-clock pin loads (pin count)
*** Columns FF, LUTRAM, RAMB through 'Hard IP' represents load cell counts
**** In Global Id column, sympbol '+' indicates that global clock was used only to route through the clock region.


20. Clock Region Cell Placement per Global Clock: Region X1Y2
-------------------------------------------------------------

+-----------+-------+-----------------+------------+-------------+-----------------+------+--------+------+-----+----+------+-----+---------+--------------------------------------------------------------------+
| Global Id | Track | Driver Type/Pin | Constraint | Clock Loads | Non-Clock Loads | FF   | LUTRAM | RAMB | DSP | GT | MMCM | PLL | Hard IP | Net                                                                |
+-----------+-------+-----------------+------------+-------------+-----------------+------+--------+------+-----+----+------+-----+---------+--------------------------------------------------------------------+
| g0        | 17    | BUFG_GT/O       | None       |        5828 |               0 | 5761 |     64 |    3 |   0 |  0 |    0 |   0 |       0 | i_system_wrapper/system_i/util_daq2_xcvr/inst/i_xch_0/rx_out_clk_0 |
| g1        | 0     | BUFG_PS/O       | None       |        1882 |               0 | 1821 |     61 |    0 |   0 |  0 |    0 |   0 |       0 | i_system_wrapper/system_i/sys_ps8/inst/pl_clk0                     |
| g4        | 8     | BUFGCE/O        | None       |           0 |             837 |  837 |      0 |    0 |   0 |  0 |    0 |   0 |       0 | i_system_wrapper/system_i/sys_rstgen/U0/peripheral_aresetn[0]      |
+-----------+-------+-----------------+------------+-------------+-----------------+------+--------+------+-----+----+------+-----+---------+--------------------------------------------------------------------+
* Clock Loads column represents the clock pin loads (pin count)
** Non-Clock Loads column represents the non-clock pin loads (pin count)
*** Columns FF, LUTRAM, RAMB through 'Hard IP' represents load cell counts


21. Clock Region Cell Placement per Global Clock: Region X2Y2
-------------------------------------------------------------

+-----------+-------+-----------------+------------+-------------+-----------------+------+--------+------+-----+----+------+-----+---------+--------------------------------------------------------------------+
| Global Id | Track | Driver Type/Pin | Constraint | Clock Loads | Non-Clock Loads | FF   | LUTRAM | RAMB | DSP | GT | MMCM | PLL | Hard IP | Net                                                                |
+-----------+-------+-----------------+------------+-------------+-----------------+------+--------+------+-----+----+------+-----+---------+--------------------------------------------------------------------+
| g0        | 17    | BUFG_GT/O       | None       |        8048 |               0 | 7877 |    162 |    9 |   0 |  0 |    0 |   0 |       0 | i_system_wrapper/system_i/util_daq2_xcvr/inst/i_xch_0/rx_out_clk_0 |
| g1        | 0     | BUFG_PS/O       | None       |           1 |               0 |    0 |      0 |    1 |   0 |  0 |    0 |   0 |       0 | i_system_wrapper/system_i/sys_ps8/inst/pl_clk0                     |
| g4+       | 8     | BUFGCE/O        | None       |           0 |               0 |    0 |      0 |    0 |   0 |  0 |    0 |   0 |       0 | i_system_wrapper/system_i/sys_rstgen/U0/peripheral_aresetn[0]      |
+-----------+-------+-----------------+------------+-------------+-----------------+------+--------+------+-----+----+------+-----+---------+--------------------------------------------------------------------+
* Clock Loads column represents the clock pin loads (pin count)
** Non-Clock Loads column represents the non-clock pin loads (pin count)
*** Columns FF, LUTRAM, RAMB through 'Hard IP' represents load cell counts
**** In Global Id column, sympbol '+' indicates that global clock was used only to route through the clock region.


22. Clock Region Cell Placement per Global Clock: Region X3Y2
-------------------------------------------------------------

+-----------+-------+-----------------+------------+-------------+-----------------+------+--------+------+-----+----+------+-----+---------+--------------------------------------------------------------------+
| Global Id | Track | Driver Type/Pin | Constraint | Clock Loads | Non-Clock Loads | FF   | LUTRAM | RAMB | DSP | GT | MMCM | PLL | Hard IP | Net                                                                |
+-----------+-------+-----------------+------------+-------------+-----------------+------+--------+------+-----+----+------+-----+---------+--------------------------------------------------------------------+
| g0        | 17    | BUFG_GT/O       | None       |        2095 |               0 | 2095 |      0 |    0 |   0 |  0 |    0 |   0 |       0 | i_system_wrapper/system_i/util_daq2_xcvr/inst/i_xch_0/rx_out_clk_0 |
| g1        | 0     | BUFG_PS/O       | None       |           7 |               0 |    7 |      0 |    0 |   0 |  0 |    0 |   0 |       0 | i_system_wrapper/system_i/sys_ps8/inst/pl_clk0                     |
| g4+       | 8     | BUFGCE/O        | None       |           0 |               0 |    0 |      0 |    0 |   0 |  0 |    0 |   0 |       0 | i_system_wrapper/system_i/sys_rstgen/U0/peripheral_aresetn[0]      |
+-----------+-------+-----------------+------------+-------------+-----------------+------+--------+------+-----+----+------+-----+---------+--------------------------------------------------------------------+
* Clock Loads column represents the clock pin loads (pin count)
** Non-Clock Loads column represents the non-clock pin loads (pin count)
*** Columns FF, LUTRAM, RAMB through 'Hard IP' represents load cell counts
**** In Global Id column, sympbol '+' indicates that global clock was used only to route through the clock region.


23. Clock Region Cell Placement per Global Clock: Region X0Y3
-------------------------------------------------------------

+-----------+-------+-----------------+------------+-------------+-----------------+------+--------+------+-----+----+------+-----+---------+--------------------------------------------------------------------+
| Global Id | Track | Driver Type/Pin | Constraint | Clock Loads | Non-Clock Loads | FF   | LUTRAM | RAMB | DSP | GT | MMCM | PLL | Hard IP | Net                                                                |
+-----------+-------+-----------------+------------+-------------+-----------------+------+--------+------+-----+----+------+-----+---------+--------------------------------------------------------------------+
| g0        | 17    | BUFG_GT/O       | None       |        3320 |               0 | 3320 |      0 |    0 |   0 |  0 |    0 |   0 |       0 | i_system_wrapper/system_i/util_daq2_xcvr/inst/i_xch_0/rx_out_clk_0 |
| g1        | 0     | BUFG_PS/O       | None       |         649 |               0 |  623 |     26 |    0 |   0 |  0 |    0 |   0 |       0 | i_system_wrapper/system_i/sys_ps8/inst/pl_clk0                     |
| g4        | 8     | BUFGCE/O        | None       |           0 |             149 |  149 |      0 |    0 |   0 |  0 |    0 |   0 |       0 | i_system_wrapper/system_i/sys_rstgen/U0/peripheral_aresetn[0]      |
+-----------+-------+-----------------+------------+-------------+-----------------+------+--------+------+-----+----+------+-----+---------+--------------------------------------------------------------------+
* Clock Loads column represents the clock pin loads (pin count)
** Non-Clock Loads column represents the non-clock pin loads (pin count)
*** Columns FF, LUTRAM, RAMB through 'Hard IP' represents load cell counts


24. Clock Region Cell Placement per Global Clock: Region X1Y3
-------------------------------------------------------------

+-----------+-------+-----------------+------------+-------------+-----------------+------+--------+------+-----+----+------+-----+---------+--------------------------------------------------------------------+
| Global Id | Track | Driver Type/Pin | Constraint | Clock Loads | Non-Clock Loads | FF   | LUTRAM | RAMB | DSP | GT | MMCM | PLL | Hard IP | Net                                                                |
+-----------+-------+-----------------+------------+-------------+-----------------+------+--------+------+-----+----+------+-----+---------+--------------------------------------------------------------------+
| g0        | 17    | BUFG_GT/O       | None       |        9419 |               0 | 9418 |      1 |    0 |   0 |  0 |    0 |   0 |       0 | i_system_wrapper/system_i/util_daq2_xcvr/inst/i_xch_0/rx_out_clk_0 |
| g1        | 0     | BUFG_PS/O       | None       |         114 |               0 |  112 |      2 |    0 |   0 |  0 |    0 |   0 |       0 | i_system_wrapper/system_i/sys_ps8/inst/pl_clk0                     |
| g4        | 8     | BUFGCE/O        | None       |           0 |              74 |   74 |      0 |    0 |   0 |  0 |    0 |   0 |       0 | i_system_wrapper/system_i/sys_rstgen/U0/peripheral_aresetn[0]      |
+-----------+-------+-----------------+------------+-------------+-----------------+------+--------+------+-----+----+------+-----+---------+--------------------------------------------------------------------+
* Clock Loads column represents the clock pin loads (pin count)
** Non-Clock Loads column represents the non-clock pin loads (pin count)
*** Columns FF, LUTRAM, RAMB through 'Hard IP' represents load cell counts


25. Clock Region Cell Placement per Global Clock: Region X2Y3
-------------------------------------------------------------

+-----------+-------+-----------------+------------+-------------+-----------------+------+--------+------+-----+----+------+-----+---------+--------------------------------------------------------------------+
| Global Id | Track | Driver Type/Pin | Constraint | Clock Loads | Non-Clock Loads | FF   | LUTRAM | RAMB | DSP | GT | MMCM | PLL | Hard IP | Net                                                                |
+-----------+-------+-----------------+------------+-------------+-----------------+------+--------+------+-----+----+------+-----+---------+--------------------------------------------------------------------+
| g0        | 17    | BUFG_GT/O       | None       |        7395 |               0 | 7394 |      0 |    1 |   0 |  0 |    0 |   0 |       0 | i_system_wrapper/system_i/util_daq2_xcvr/inst/i_xch_0/rx_out_clk_0 |
| g1        | 0     | BUFG_PS/O       | None       |          41 |               0 |   41 |      0 |    0 |   0 |  0 |    0 |   0 |       0 | i_system_wrapper/system_i/sys_ps8/inst/pl_clk0                     |
| g4        | 8     | BUFGCE/O        | None       |           0 |              18 |   18 |      0 |    0 |   0 |  0 |    0 |   0 |       0 | i_system_wrapper/system_i/sys_rstgen/U0/peripheral_aresetn[0]      |
+-----------+-------+-----------------+------------+-------------+-----------------+------+--------+------+-----+----+------+-----+---------+--------------------------------------------------------------------+
* Clock Loads column represents the clock pin loads (pin count)
** Non-Clock Loads column represents the non-clock pin loads (pin count)
*** Columns FF, LUTRAM, RAMB through 'Hard IP' represents load cell counts


26. Clock Region Cell Placement per Global Clock: Region X3Y3
-------------------------------------------------------------

+-----------+-------+-----------------+------------+-------------+-----------------+------+--------+------+-----+----+------+-----+---------+--------------------------------------------------------------------+
| Global Id | Track | Driver Type/Pin | Constraint | Clock Loads | Non-Clock Loads | FF   | LUTRAM | RAMB | DSP | GT | MMCM | PLL | Hard IP | Net                                                                |
+-----------+-------+-----------------+------------+-------------+-----------------+------+--------+------+-----+----+------+-----+---------+--------------------------------------------------------------------+
| g0        | 17    | BUFG_GT/O       | None       |        2913 |               0 | 2911 |      0 |    2 |   0 |  0 |    0 |   0 |       0 | i_system_wrapper/system_i/util_daq2_xcvr/inst/i_xch_0/rx_out_clk_0 |
| g1        | 0     | BUFG_PS/O       | None       |         445 |               0 |  445 |      0 |    0 |   0 |  0 |    0 |   0 |       0 | i_system_wrapper/system_i/sys_ps8/inst/pl_clk0                     |
| g4        | 8     | BUFGCE/O        | None       |           0 |             175 |  175 |      0 |    0 |   0 |  0 |    0 |   0 |       0 | i_system_wrapper/system_i/sys_rstgen/U0/peripheral_aresetn[0]      |
+-----------+-------+-----------------+------------+-------------+-----------------+------+--------+------+-----+----+------+-----+---------+--------------------------------------------------------------------+
* Clock Loads column represents the clock pin loads (pin count)
** Non-Clock Loads column represents the non-clock pin loads (pin count)
*** Columns FF, LUTRAM, RAMB through 'Hard IP' represents load cell counts


27. Clock Region Cell Placement per Global Clock: Region X0Y4
-------------------------------------------------------------

+-----------+-------+-----------------+------------+-------------+-----------------+----+--------+------+-----+----+------+-----+---------+--------------------------------------------------------------------+
| Global Id | Track | Driver Type/Pin | Constraint | Clock Loads | Non-Clock Loads | FF | LUTRAM | RAMB | DSP | GT | MMCM | PLL | Hard IP | Net                                                                |
+-----------+-------+-----------------+------------+-------------+-----------------+----+--------+------+-----+----+------+-----+---------+--------------------------------------------------------------------+
| g0        | 17    | BUFG_GT/O       | None       |          40 |               0 | 40 |      0 |    0 |   0 |  0 |    0 |   0 |       0 | i_system_wrapper/system_i/util_daq2_xcvr/inst/i_xch_0/rx_out_clk_0 |
+-----------+-------+-----------------+------------+-------------+-----------------+----+--------+------+-----+----+------+-----+---------+--------------------------------------------------------------------+
* Clock Loads column represents the clock pin loads (pin count)
** Non-Clock Loads column represents the non-clock pin loads (pin count)
*** Columns FF, LUTRAM, RAMB through 'Hard IP' represents load cell counts


28. Clock Region Cell Placement per Global Clock: Region X1Y4
-------------------------------------------------------------

+-----------+-------+-----------------+------------+-------------+-----------------+------+--------+------+-----+----+------+-----+---------+--------------------------------------------------------------------+
| Global Id | Track | Driver Type/Pin | Constraint | Clock Loads | Non-Clock Loads | FF   | LUTRAM | RAMB | DSP | GT | MMCM | PLL | Hard IP | Net                                                                |
+-----------+-------+-----------------+------------+-------------+-----------------+------+--------+------+-----+----+------+-----+---------+--------------------------------------------------------------------+
| g0        | 17    | BUFG_GT/O       | None       |        1036 |               0 | 1036 |      0 |    0 |   0 |  0 |    0 |   0 |       0 | i_system_wrapper/system_i/util_daq2_xcvr/inst/i_xch_0/rx_out_clk_0 |
| g1+       | 0     | BUFG_PS/O       | None       |           0 |               0 |    0 |      0 |    0 |   0 |  0 |    0 |   0 |       0 | i_system_wrapper/system_i/sys_ps8/inst/pl_clk0                     |
+-----------+-------+-----------------+------------+-------------+-----------------+------+--------+------+-----+----+------+-----+---------+--------------------------------------------------------------------+
* Clock Loads column represents the clock pin loads (pin count)
** Non-Clock Loads column represents the non-clock pin loads (pin count)
*** Columns FF, LUTRAM, RAMB through 'Hard IP' represents load cell counts
**** In Global Id column, sympbol '+' indicates that global clock was used only to route through the clock region.


29. Clock Region Cell Placement per Global Clock: Region X2Y4
-------------------------------------------------------------

+-----------+-------+-----------------+------------+-------------+-----------------+------+--------+------+-----+----+------+-----+---------+--------------------------------------------------------------------+
| Global Id | Track | Driver Type/Pin | Constraint | Clock Loads | Non-Clock Loads | FF   | LUTRAM | RAMB | DSP | GT | MMCM | PLL | Hard IP | Net                                                                |
+-----------+-------+-----------------+------------+-------------+-----------------+------+--------+------+-----+----+------+-----+---------+--------------------------------------------------------------------+
| g0        | 17    | BUFG_GT/O       | None       |        1140 |               0 | 1139 |      0 |    1 |   0 |  0 |    0 |   0 |       0 | i_system_wrapper/system_i/util_daq2_xcvr/inst/i_xch_0/rx_out_clk_0 |
| g1        | 0     | BUFG_PS/O       | None       |           9 |               0 |    7 |      2 |    0 |   0 |  0 |    0 |   0 |       0 | i_system_wrapper/system_i/sys_ps8/inst/pl_clk0                     |
+-----------+-------+-----------------+------------+-------------+-----------------+------+--------+------+-----+----+------+-----+---------+--------------------------------------------------------------------+
* Clock Loads column represents the clock pin loads (pin count)
** Non-Clock Loads column represents the non-clock pin loads (pin count)
*** Columns FF, LUTRAM, RAMB through 'Hard IP' represents load cell counts


30. Clock Region Cell Placement per Global Clock: Region X3Y4
-------------------------------------------------------------

+-----------+-------+-----------------+------------+-------------+-----------------+-----+--------+------+-----+----+------+-----+---------+--------------------------------------------------------------------+
| Global Id | Track | Driver Type/Pin | Constraint | Clock Loads | Non-Clock Loads | FF  | LUTRAM | RAMB | DSP | GT | MMCM | PLL | Hard IP | Net                                                                |
+-----------+-------+-----------------+------------+-------------+-----------------+-----+--------+------+-----+----+------+-----+---------+--------------------------------------------------------------------+
| g0        | 17    | BUFG_GT/O       | None       |         484 |               0 | 484 |      0 |    0 |   0 |  0 |    0 |   0 |       0 | i_system_wrapper/system_i/util_daq2_xcvr/inst/i_xch_0/rx_out_clk_0 |
| g1        | 0     | BUFG_PS/O       | None       |         753 |               0 | 753 |      0 |    0 |   0 |  0 |    0 |   0 |       0 | i_system_wrapper/system_i/sys_ps8/inst/pl_clk0                     |
| g4        | 8     | BUFGCE/O        | None       |           0 |             705 | 705 |      0 |    0 |   0 |  0 |    0 |   0 |       0 | i_system_wrapper/system_i/sys_rstgen/U0/peripheral_aresetn[0]      |
+-----------+-------+-----------------+------------+-------------+-----------------+-----+--------+------+-----+----+------+-----+---------+--------------------------------------------------------------------+
* Clock Loads column represents the clock pin loads (pin count)
** Non-Clock Loads column represents the non-clock pin loads (pin count)
*** Columns FF, LUTRAM, RAMB through 'Hard IP' represents load cell counts


31. Clock Region Cell Placement per Global Clock: Region X1Y5
-------------------------------------------------------------

+-----------+-------+-----------------+------------+-------------+-----------------+----+--------+------+-----+----+------+-----+---------+--------------------------------------------------------------------+
| Global Id | Track | Driver Type/Pin | Constraint | Clock Loads | Non-Clock Loads | FF | LUTRAM | RAMB | DSP | GT | MMCM | PLL | Hard IP | Net                                                                |
+-----------+-------+-----------------+------------+-------------+-----------------+----+--------+------+-----+----+------+-----+---------+--------------------------------------------------------------------+
| g0+       | 17    | BUFG_GT/O       | None       |           0 |               0 |  0 |      0 |    0 |   0 |  0 |    0 |   0 |       0 | i_system_wrapper/system_i/util_daq2_xcvr/inst/i_xch_0/rx_out_clk_0 |
| g1+       | 0     | BUFG_PS/O       | None       |           0 |               0 |  0 |      0 |    0 |   0 |  0 |    0 |   0 |       0 | i_system_wrapper/system_i/sys_ps8/inst/pl_clk0                     |
+-----------+-------+-----------------+------------+-------------+-----------------+----+--------+------+-----+----+------+-----+---------+--------------------------------------------------------------------+
* Clock Loads column represents the clock pin loads (pin count)
** Non-Clock Loads column represents the non-clock pin loads (pin count)
*** Columns FF, LUTRAM, RAMB through 'Hard IP' represents load cell counts
**** In Global Id column, sympbol '+' indicates that global clock was used only to route through the clock region.


32. Clock Region Cell Placement per Global Clock: Region X2Y5
-------------------------------------------------------------

+-----------+-------+-----------------+------------+-------------+-----------------+----+--------+------+-----+----+------+-----+---------+--------------------------------------------------------------------+
| Global Id | Track | Driver Type/Pin | Constraint | Clock Loads | Non-Clock Loads | FF | LUTRAM | RAMB | DSP | GT | MMCM | PLL | Hard IP | Net                                                                |
+-----------+-------+-----------------+------------+-------------+-----------------+----+--------+------+-----+----+------+-----+---------+--------------------------------------------------------------------+
| g0+       | 17    | BUFG_GT/O       | None       |           0 |               0 |  0 |      0 |    0 |   0 |  0 |    0 |   0 |       0 | i_system_wrapper/system_i/util_daq2_xcvr/inst/i_xch_0/rx_out_clk_0 |
| g1+       | 0     | BUFG_PS/O       | None       |           0 |               0 |  0 |      0 |    0 |   0 |  0 |    0 |   0 |       0 | i_system_wrapper/system_i/sys_ps8/inst/pl_clk0                     |
+-----------+-------+-----------------+------------+-------------+-----------------+----+--------+------+-----+----+------+-----+---------+--------------------------------------------------------------------+
* Clock Loads column represents the clock pin loads (pin count)
** Non-Clock Loads column represents the non-clock pin loads (pin count)
*** Columns FF, LUTRAM, RAMB through 'Hard IP' represents load cell counts
**** In Global Id column, sympbol '+' indicates that global clock was used only to route through the clock region.


33. Clock Region Cell Placement per Global Clock: Region X3Y5
-------------------------------------------------------------

+-----------+-------+-----------------+------------+-------------+-----------------+-----+--------+------+-----+----+------+-----+---------+--------------------------------------------------------------------+
| Global Id | Track | Driver Type/Pin | Constraint | Clock Loads | Non-Clock Loads | FF  | LUTRAM | RAMB | DSP | GT | MMCM | PLL | Hard IP | Net                                                                |
+-----------+-------+-----------------+------------+-------------+-----------------+-----+--------+------+-----+----+------+-----+---------+--------------------------------------------------------------------+
| g0        | 17    | BUFG_GT/O       | None       |          35 |               0 |  31 |      0 |    0 |   0 |  4 |    0 |   0 |       0 | i_system_wrapper/system_i/util_daq2_xcvr/inst/i_xch_0/rx_out_clk_0 |
| g1        | 0     | BUFG_PS/O       | None       |         655 |               0 | 650 |      0 |    0 |   0 |  4 |    0 |   0 |       0 | i_system_wrapper/system_i/sys_ps8/inst/pl_clk0                     |
| g3        | 2     | BUFG_GT/O       | None       |          28 |               0 |  24 |      0 |    0 |   0 |  4 |    0 |   0 |       0 | i_system_wrapper/system_i/util_daq2_xcvr/inst/i_xch_0/tx_out_clk_0 |
| g4        | 8     | BUFGCE/O        | None       |           0 |             646 | 646 |      0 |    0 |   0 |  0 |    0 |   0 |       0 | i_system_wrapper/system_i/sys_rstgen/U0/peripheral_aresetn[0]      |
+-----------+-------+-----------------+------------+-------------+-----------------+-----+--------+------+-----+----+------+-----+---------+--------------------------------------------------------------------+
* Clock Loads column represents the clock pin loads (pin count)
** Non-Clock Loads column represents the non-clock pin loads (pin count)
*** Columns FF, LUTRAM, RAMB through 'Hard IP' represents load cell counts


34. Clock Region Cell Placement per Global Clock: Region X1Y6
-------------------------------------------------------------

+-----------+-------+-----------------+------------+-------------+-----------------+----+--------+------+-----+----+------+-----+---------+--------------------------------------------------------------------+
| Global Id | Track | Driver Type/Pin | Constraint | Clock Loads | Non-Clock Loads | FF | LUTRAM | RAMB | DSP | GT | MMCM | PLL | Hard IP | Net                                                                |
+-----------+-------+-----------------+------------+-------------+-----------------+----+--------+------+-----+----+------+-----+---------+--------------------------------------------------------------------+
| g0+       | 17    | BUFG_GT/O       | None       |           0 |               0 |  0 |      0 |    0 |   0 |  0 |    0 |   0 |       0 | i_system_wrapper/system_i/util_daq2_xcvr/inst/i_xch_0/rx_out_clk_0 |
+-----------+-------+-----------------+------------+-------------+-----------------+----+--------+------+-----+----+------+-----+---------+--------------------------------------------------------------------+
* Clock Loads column represents the clock pin loads (pin count)
** Non-Clock Loads column represents the non-clock pin loads (pin count)
*** Columns FF, LUTRAM, RAMB through 'Hard IP' represents load cell counts
**** In Global Id column, sympbol '+' indicates that global clock was used only to route through the clock region.


35. Clock Region Cell Placement per Global Clock: Region X2Y6
-------------------------------------------------------------

+-----------+-------+-----------------+------------+-------------+-----------------+----+--------+------+-----+----+------+-----+---------+--------------------------------------------------------------------+
| Global Id | Track | Driver Type/Pin | Constraint | Clock Loads | Non-Clock Loads | FF | LUTRAM | RAMB | DSP | GT | MMCM | PLL | Hard IP | Net                                                                |
+-----------+-------+-----------------+------------+-------------+-----------------+----+--------+------+-----+----+------+-----+---------+--------------------------------------------------------------------+
| g0+       | 17    | BUFG_GT/O       | None       |           0 |               0 |  0 |      0 |    0 |   0 |  0 |    0 |   0 |       0 | i_system_wrapper/system_i/util_daq2_xcvr/inst/i_xch_0/rx_out_clk_0 |
+-----------+-------+-----------------+------------+-------------+-----------------+----+--------+------+-----+----+------+-----+---------+--------------------------------------------------------------------+
* Clock Loads column represents the clock pin loads (pin count)
** Non-Clock Loads column represents the non-clock pin loads (pin count)
*** Columns FF, LUTRAM, RAMB through 'Hard IP' represents load cell counts
**** In Global Id column, sympbol '+' indicates that global clock was used only to route through the clock region.


36. Clock Region Cell Placement per Global Clock: Region X3Y6
-------------------------------------------------------------

+-----------+-------+-----------------+------------+-------------+-----------------+----+--------+------+-----+----+------+-----+---------+--------------------------------------------------------------------+
| Global Id | Track | Driver Type/Pin | Constraint | Clock Loads | Non-Clock Loads | FF | LUTRAM | RAMB | DSP | GT | MMCM | PLL | Hard IP | Net                                                                |
+-----------+-------+-----------------+------------+-------------+-----------------+----+--------+------+-----+----+------+-----+---------+--------------------------------------------------------------------+
| g0        | 17    | BUFG_GT/O       | None       |           0 |               1 |  0 |      0 |    0 |   0 |  0 |    0 |   0 |       0 | i_system_wrapper/system_i/util_daq2_xcvr/inst/i_xch_0/rx_out_clk_0 |
+-----------+-------+-----------------+------------+-------------+-----------------+----+--------+------+-----+----+------+-----+---------+--------------------------------------------------------------------+
* Clock Loads column represents the clock pin loads (pin count)
** Non-Clock Loads column represents the non-clock pin loads (pin count)
*** Columns FF, LUTRAM, RAMB through 'Hard IP' represents load cell counts


