#-----------------------------------------------------------
# Vivado v2017.4 (64-bit)
# SW Build 2086221 on Fri Dec 15 20:55:39 MST 2017
# IP Build 2085800 on Fri Dec 15 22:25:07 MST 2017
# Start of session at: Sat Aug  4 17:59:24 2018
# Process ID: 10328
# Current directory: D:/adi/ad9234/library/jesd204/axi_jesd204_rx
# Command line: vivado.exe -gui_launcher_event rodinguilauncherevent15284 D:\adi\ad9234\library\jesd204\axi_jesd204_rx\axi_jesd204_rx.xpr
# Log file: D:/adi/ad9234/library/jesd204/axi_jesd204_rx/vivado.log
# Journal file: D:/adi/ad9234/library/jesd204/axi_jesd204_rx\vivado.jou
#-----------------------------------------------------------
start_gui
open_project D:/adi/ad9234/library/jesd204/axi_jesd204_rx/axi_jesd204_rx.xpr
INFO: [Project 1-313] Project file moved from 'D:/adi/hdl/library/jesd204/axi_jesd204_rx' since last save.
Scanning sources...
Finished scanning sources
INFO: [IP_Flow 19-234] Refreshing IP repositories
INFO: [IP_Flow 19-1700] Loaded user IP repository 'd:/adi/ad9234/library'.
INFO: [IP_Flow 19-3656] If you move the project, the path for repository 'd:/adi/ad9234/library' may become invalid. A better location for the repository would be in a path adjacent to the project. (Current project location is 'd:/adi/ad9234/library/jesd204/axi_jesd204_rx'.)
INFO: [IP_Flow 19-2313] Loaded Vivado IP repository 'C:/Xilinx/Vivado/2017.4/data/ip'.
open_project: Time (s): cpu = 00:00:10 ; elapsed = 00:00:06 . Memory (MB): peak = 809.648 ; gain = 95.109
update_compile_order -fileset sources_1
exit
INFO: [Common 17-206] Exiting Vivado at Mon Aug  6 14:40:27 2018...
