#-----------------------------------------------------------
# Webtalk v2017.4 (64-bit)
# SW Build 2086221 on Fri Dec 15 20:55:39 MST 2017
# 
# Start of session at: Fri Sep 28 20:07:37 2018
# Process ID: 4596
# Current directory: D:/adi_9234/ad9234-6-Laser/daq2_zcu102.sdk/webtalk
# Command line: wbtcv.exe -mode batch -source sdk_webtalk.tcl
# Log file: D:/adi_9234/ad9234-6-Laser/daq2_zcu102.sdk/webtalk/webtalk.log
# Journal file: D:/adi_9234/ad9234-6-Laser/daq2_zcu102.sdk/webtalk\webtalk.jou
#-----------------------------------------------------------
source sdk_webtalk.tcl
# webtalk_init -webtalk_dir D:\\adi_9234\\ad9234-6-Laser\\daq2_zcu102.sdk\\webtalk
# webtalk_register_client -client project
# webtalk_add_data -client project -key date_generated -value "2018-09-28 20:07:35" -context "software_version_and_target_device"
# webtalk_add_data -client project -key product_version -value "SDK v2017.4" -context "software_version_and_target_device"
# webtalk_add_data -client project -key build_version -value "2017.4" -context "software_version_and_target_device"
# webtalk_add_data -client project -key os_platform -value "amd64" -context "software_version_and_target_device"
# webtalk_add_data -client project -key registration_id -value "205589051_15690819_210558907_866" -context "software_version_and_target_device"
# webtalk_add_data -client project -key tool_flow -value "SDK" -context "software_version_and_target_device"
# webtalk_add_data -client project -key beta -value "false" -context "software_version_and_target_device"
# webtalk_add_data -client project -key route_design -value "NA" -context "software_version_and_target_device"
# webtalk_add_data -client project -key target_family -value "NA" -context "software_version_and_target_device"
# webtalk_add_data -client project -key target_device -value "NA" -context "software_version_and_target_device"
# webtalk_add_data -client project -key target_package -value "NA" -context "software_version_and_target_device"
# webtalk_add_data -client project -key target_speed -value "NA" -context "software_version_and_target_device"
# webtalk_add_data -client project -key random_id -value "5oeanl8941std8t7jja09ktgmk" -context "software_version_and_target_device"
# webtalk_add_data -client project -key project_id -value "2017.4_42" -context "software_version_and_target_device"
# webtalk_add_data -client project -key project_iteration -value "42" -context "software_version_and_target_device"
# webtalk_add_data -client project -key os_name -value "Microsoft Windows 8 or later , 64-bit" -context "user_environment"
# webtalk_add_data -client project -key os_release -value "major release  (build 9200)" -context "user_environment"
# webtalk_add_data -client project -key cpu_name -value "Intel(R) Core(TM) i5-7500 CPU @ 3.40GHz" -context "user_environment"
# webtalk_add_data -client project -key cpu_speed -value "3408 MHz" -context "user_environment"
# webtalk_add_data -client project -key total_processors -value "1" -context "user_environment"
# webtalk_add_data -client project -key system_ram -value "17.045 GB" -context "user_environment"
# webtalk_register_client -client sdk
# webtalk_add_data -client sdk -key uid -value "1538127224338" -context "sdk\\\\hardware/1538127224338"
# webtalk_add_data -client sdk -key isZynq -value "false" -context "sdk\\\\hardware/1538127224338"
# webtalk_add_data -client sdk -key isZynqMP -value "true" -context "sdk\\\\hardware/1538127224338"
# webtalk_add_data -client sdk -key Processors -value "7" -context "sdk\\\\hardware/1538127224338"
# webtalk_add_data -client sdk -key VivadoVersion -value "2017.4" -context "sdk\\\\hardware/1538127224338"
# webtalk_add_data -client sdk -key Arch -value "zynquplus" -context "sdk\\\\hardware/1538127224338"
# webtalk_add_data -client sdk -key Device -value "xczu9eg" -context "sdk\\\\hardware/1538127224338"
# webtalk_add_data -client sdk -key IsHandoff -value "true" -context "sdk\\\\hardware/1538127224338"
# webtalk_add_data -client sdk -key os -value "NA" -context "sdk\\\\hardware/1538127224338"
# webtalk_add_data -client sdk -key apptemplate -value "NA" -context "sdk\\\\hardware/1538127224338"
# webtalk_add_data -client sdk -key RecordType -value "HWCreation" -context "sdk\\\\hardware/1538127224338"
# webtalk_add_data -client sdk -key uid -value "1538127500884" -context "sdk\\\\bsp/1538127500884"
# webtalk_add_data -client sdk -key hwid -value "1538127224338" -context "sdk\\\\bsp/1538127500884"
# webtalk_add_data -client sdk -key os -value "standalone" -context "sdk\\\\bsp/1538127500884"
# webtalk_add_data -client sdk -key apptemplate -value "empty_application" -context "sdk\\\\bsp/1538127500884"
# webtalk_add_data -client sdk -key RecordType -value "BSPCreation" -context "sdk\\\\bsp/1538127500884"
# webtalk_add_data -client sdk -key uid -value "1538127514761" -context "sdk\\\\application/1538127514761"
# webtalk_add_data -client sdk -key hwid -value "1538127224338" -context "sdk\\\\application/1538127514761"
# webtalk_add_data -client sdk -key bspid -value "1538127500884" -context "sdk\\\\application/1538127514761"
# webtalk_add_data -client sdk -key newbsp -value "true" -context "sdk\\\\application/1538127514761"
# webtalk_add_data -client sdk -key os -value "standalone" -context "sdk\\\\application/1538127514761"
# webtalk_add_data -client sdk -key apptemplate -value "empty_application" -context "sdk\\\\application/1538127514761"
# webtalk_add_data -client sdk -key RecordType -value "APPCreation" -context "sdk\\\\application/1538127514761"
# webtalk_add_data -client sdk -key LangUsed -value "C" -context "sdk\\\\application/1538127514761"
# webtalk_add_data -client sdk -key Procused -value "psu_cortexa53" -context "sdk\\\\application/1538127514761"
# webtalk_add_data -client sdk -key projSize -value "866.6640625" -context "sdk\\\\application/1538127514761"
# webtalk_add_data -client sdk -key uid -value "NA" -context "sdk\\\\bsp/1538136455819"
# webtalk_add_data -client sdk -key RecordType -value "ToolUsage" -context "sdk\\\\bsp/1538136455819"
# webtalk_add_data -client sdk -key BootgenCount -value "0" -context "sdk\\\\bsp/1538136455819"
# webtalk_add_data -client sdk -key DebugCount -value "17" -context "sdk\\\\bsp/1538136455819"
# webtalk_add_data -client sdk -key PerfCount -value "0" -context "sdk\\\\bsp/1538136455819"
# webtalk_add_data -client sdk -key FlashCount -value "0" -context "sdk\\\\bsp/1538136455819"
# webtalk_add_data -client sdk -key CrossTriggCount -value "0" -context "sdk\\\\bsp/1538136455819"
# webtalk_add_data -client sdk -key QemuDebugCount -value "0" -context "sdk\\\\bsp/1538136455819"
# webtalk_transmit -clientid 3304225723 -regid "205589051_15690819_210558907_866" -xml D:\\adi_9234\\ad9234-6-Laser\\daq2_zcu102.sdk\\webtalk\\usage_statistics_ext_sdk.xml -html D:\\adi_9234\\ad9234-6-Laser\\daq2_zcu102.sdk\\webtalk\\usage_statistics_ext_sdk.html -wdm D:\\adi_9234\\ad9234-6-Laser\\daq2_zcu102.sdk\\webtalk\\sdk_webtalk.wdm -intro "<H3>SDK Usage Report</H3><BR>"
INFO: [Common 17-186] 'D:\adi_9234\ad9234-6-Laser\daq2_zcu102.sdk\webtalk\usage_statistics_ext_sdk.xml' has been successfully sent to Xilinx on Fri Sep 28 20:07:48 2018. For additional details about this file, please refer to the WebTalk help file at C:/Xilinx/SDK/2017.4/doc/webtalk_introduction.html.
webtalk_transmit: Time (s): cpu = 00:00:00 ; elapsed = 00:00:08 . Memory (MB): peak = 51.738 ; gain = 0.281
# webtalk_terminate
INFO: [Common 17-206] Exiting Webtalk at Fri Sep 28 20:07:48 2018...
